00:00:29 INFO  : Registering command handlers for SDK TCF services
00:00:31 INFO  : Launching XSCT server: xsct.bat -interactive C:\Users\fede_\OneDrive\Documentos\MicroySof\contador-final-e\Sintesis\contador_ip\contador_ip\contador_ip.sdk\temp_xsdb_launch_script.tcl
00:00:41 INFO  : XSCT server has started successfully.
00:00:53 INFO  : Successfully done setting XSCT server connection channel  
00:00:53 INFO  : Successfully done setting SDK workspace  
00:00:53 INFO  : Processing command line option -hwspec C:/Users/fede_/OneDrive/Documentos/MicroySof/contador-final-e/Sintesis/contador_ip/contador_ip/contador_ip.sdk/system_wrapper.hdf.
00:26:25 INFO  : Connected to target on host '190.55.44.201' and port '3121'.
00:26:36 INFO  : Connected to target on host '190.55.44.201' and port '3121'.
00:26:56 INFO  : 'targets -set -filter {jtag_cable_name =~ "Digilent Arty Z7 003017A4C8ABA" && level==0} -index 1' command is executed.
00:26:56 INFO  : 'fpga -state' command is executed.
00:26:58 INFO  : Connected through redirection to target on host '190.55.44.201' and port '3121'.
00:26:58 WARN  : SDK version '2018.1' doesn't match hw_server version '2022.1'. Some debug features may not work.
00:27:00 INFO  : Jtag cable 'Digilent Arty Z7 003017A4C8ABA' is selected.
00:27:01 INFO  : 'jtag frequency' command is executed.
00:27:01 INFO  : Sourcing of 'C:/Users/fede_/OneDrive/Documentos/MicroySof/contador-final-e/Sintesis/contador_ip/contador_ip/contador_ip.sdk/system_wrapper_hw_platform_0/ps7_init.tcl' is done.
00:27:01 INFO  : Context for 'APU' is selected.
00:27:01 INFO  : Hardware design information is loaded from 'C:/Users/fede_/OneDrive/Documentos/MicroySof/contador-final-e/Sintesis/contador_ip/contador_ip/contador_ip.sdk/system_wrapper_hw_platform_0/system.hdf'.
00:27:01 INFO  : 'configparams force-mem-access 1' command is executed.
00:27:02 INFO  : Context for 'APU' is selected.
00:27:02 INFO  : 'stop' command is executed.
00:27:22 INFO  : 'ps7_init' command is executed.
00:27:23 INFO  : 'ps7_post_config' command is executed.
00:27:23 INFO  : Context for processor 'ps7_cortexa9_0' is selected.
00:27:23 INFO  : Processor reset is completed for 'ps7_cortexa9_0'.
00:27:23 INFO  : Context for processor 'ps7_cortexa9_0' is selected.
00:27:24 INFO  : The application 'C:/Users/fede_/OneDrive/Documentos/MicroySof/contador-final-e/Sintesis/contador_ip/contador_ip/contador_ip.sdk/cont_ip/Debug/cont_ip.elf' is downloaded to processor 'ps7_cortexa9_0'.
00:27:24 INFO  : 'configparams force-mem-access 0' command is executed.
00:27:24 INFO  : ----------------XSDB Script----------------
connect -path [list tcp::1534 tcp:190.55.44.201:3121]
source C:/Users/fede_/OneDrive/Documentos/MicroySof/contador-final-e/Sintesis/contador_ip/contador_ip/contador_ip.sdk/system_wrapper_hw_platform_0/ps7_init.tcl
targets -set -nocase -filter {name =~"APU*" && jtag_cable_name =~ "Digilent Arty Z7 003017A4C8ABA"} -index 0
loadhw -hw C:/Users/fede_/OneDrive/Documentos/MicroySof/contador-final-e/Sintesis/contador_ip/contador_ip/contador_ip.sdk/system_wrapper_hw_platform_0/system.hdf -mem-ranges [list {0x40000000 0xbfffffff}]
configparams force-mem-access 1
targets -set -nocase -filter {name =~"APU*" && jtag_cable_name =~ "Digilent Arty Z7 003017A4C8ABA"} -index 0
stop
ps7_init
ps7_post_config
targets -set -nocase -filter {name =~ "ARM*#0" && jtag_cable_name =~ "Digilent Arty Z7 003017A4C8ABA"} -index 0
rst -processor
targets -set -nocase -filter {name =~ "ARM*#0" && jtag_cable_name =~ "Digilent Arty Z7 003017A4C8ABA"} -index 0
dow C:/Users/fede_/OneDrive/Documentos/MicroySof/contador-final-e/Sintesis/contador_ip/contador_ip/contador_ip.sdk/cont_ip/Debug/cont_ip.elf
configparams force-mem-access 0
----------------End of Script----------------

00:27:25 INFO  : Memory regions updated for context APU
00:27:25 INFO  : Context for processor 'ps7_cortexa9_0' is selected.
00:27:25 INFO  : 'con' command is executed.
00:27:25 INFO  : ----------------XSDB Script (After Launch)----------------
targets -set -nocase -filter {name =~ "ARM*#0" && jtag_cable_name =~ "Digilent Arty Z7 003017A4C8ABA"} -index 0
con
----------------End of Script----------------

00:27:25 INFO  : Launch script is exported to file 'C:\Users\fede_\OneDrive\Documentos\MicroySof\contador-final-e\Sintesis\contador_ip\contador_ip\contador_ip.sdk\.sdk\launch_scripts\xilinx_c-c++_application_(system_debugger)\system_debugger_using_debug_cont_ip.elf_on_local.tcl'
00:29:15 INFO  : Disconnected from the channel tcfchan#2.
00:29:16 INFO  : 'targets -set -filter {jtag_cable_name =~ "Digilent Arty Z7 003017A4C8ABA" && level==0} -index 1' command is executed.
00:29:17 INFO  : 'fpga -state' command is executed.
00:29:17 INFO  : Connected through redirection to target on host '190.55.44.201' and port '3121'.
00:29:17 WARN  : SDK version '2018.1' doesn't match hw_server version '2022.1'. Some debug features may not work.
00:29:38 INFO  : Jtag cable 'Digilent Arty Z7 003017A4C8ABA' is selected.
00:29:38 INFO  : 'jtag frequency' command is executed.
00:29:38 INFO  : Sourcing of 'C:/Users/fede_/OneDrive/Documentos/MicroySof/contador-final-e/Sintesis/contador_ip/contador_ip/contador_ip.sdk/system_wrapper_hw_platform_0/ps7_init.tcl' is done.
00:29:39 INFO  : Context for 'APU' is selected.
00:29:43 INFO  : Hardware design information is loaded from 'C:/Users/fede_/OneDrive/Documentos/MicroySof/contador-final-e/Sintesis/contador_ip/contador_ip/contador_ip.sdk/system_wrapper_hw_platform_0/system.hdf'.
00:29:43 INFO  : 'configparams force-mem-access 1' command is executed.
00:29:43 INFO  : Context for 'APU' is selected.
00:29:44 INFO  : 'stop' command is executed.
00:30:02 INFO  : 'ps7_init' command is executed.
00:30:02 INFO  : 'ps7_post_config' command is executed.
00:30:02 INFO  : Context for processor 'ps7_cortexa9_0' is selected.
00:30:03 INFO  : Processor reset is completed for 'ps7_cortexa9_0'.
00:30:03 INFO  : Context for processor 'ps7_cortexa9_0' is selected.
00:30:04 INFO  : The application 'C:/Users/fede_/OneDrive/Documentos/MicroySof/contador-final-e/Sintesis/contador_ip/contador_ip/contador_ip.sdk/cont_ip/Debug/cont_ip.elf' is downloaded to processor 'ps7_cortexa9_0'.
00:30:04 INFO  : 'configparams force-mem-access 0' command is executed.
00:30:04 INFO  : ----------------XSDB Script----------------
connect -path [list tcp::1534 tcp:190.55.44.201:3121]
source C:/Users/fede_/OneDrive/Documentos/MicroySof/contador-final-e/Sintesis/contador_ip/contador_ip/contador_ip.sdk/system_wrapper_hw_platform_0/ps7_init.tcl
targets -set -nocase -filter {name =~"APU*" && jtag_cable_name =~ "Digilent Arty Z7 003017A4C8ABA"} -index 0
loadhw -hw C:/Users/fede_/OneDrive/Documentos/MicroySof/contador-final-e/Sintesis/contador_ip/contador_ip/contador_ip.sdk/system_wrapper_hw_platform_0/system.hdf -mem-ranges [list {0x40000000 0xbfffffff}]
configparams force-mem-access 1
targets -set -nocase -filter {name =~"APU*" && jtag_cable_name =~ "Digilent Arty Z7 003017A4C8ABA"} -index 0
stop
ps7_init
ps7_post_config
targets -set -nocase -filter {name =~ "ARM*#0" && jtag_cable_name =~ "Digilent Arty Z7 003017A4C8ABA"} -index 0
rst -processor
targets -set -nocase -filter {name =~ "ARM*#0" && jtag_cable_name =~ "Digilent Arty Z7 003017A4C8ABA"} -index 0
dow C:/Users/fede_/OneDrive/Documentos/MicroySof/contador-final-e/Sintesis/contador_ip/contador_ip/contador_ip.sdk/cont_ip/Debug/cont_ip.elf
configparams force-mem-access 0
----------------End of Script----------------

00:30:05 INFO  : Memory regions updated for context APU
00:30:05 INFO  : Context for processor 'ps7_cortexa9_0' is selected.
00:30:05 INFO  : 'con' command is executed.
00:30:05 INFO  : ----------------XSDB Script (After Launch)----------------
targets -set -nocase -filter {name =~ "ARM*#0" && jtag_cable_name =~ "Digilent Arty Z7 003017A4C8ABA"} -index 0
con
----------------End of Script----------------

00:30:05 INFO  : Launch script is exported to file 'C:\Users\fede_\OneDrive\Documentos\MicroySof\contador-final-e\Sintesis\contador_ip\contador_ip\contador_ip.sdk\.sdk\launch_scripts\xilinx_c-c++_application_(system_debugger)\system_debugger_using_debug_cont_ip.elf_on_local.tcl'
00:47:00 INFO  : Disconnected from the channel tcfchan#3.
00:47:01 INFO  : 'targets -set -filter {jtag_cable_name =~ "Digilent Arty Z7 003017A4C8ABA" && level==0} -index 1' command is executed.
00:47:02 INFO  : 'fpga -state' command is executed.
00:47:02 INFO  : Connected through redirection to target on host '190.55.44.201' and port '3121'.
00:47:02 WARN  : SDK version '2018.1' doesn't match hw_server version '2022.1'. Some debug features may not work.
00:47:05 INFO  : Jtag cable 'Digilent Arty Z7 003017A4C8ABA' is selected.
00:47:05 INFO  : 'jtag frequency' command is executed.
00:47:05 INFO  : Sourcing of 'C:/Users/fede_/OneDrive/Documentos/MicroySof/contador-final-e/Sintesis/contador_ip/contador_ip/contador_ip.sdk/system_wrapper_hw_platform_0/ps7_init.tcl' is done.
00:47:06 INFO  : Context for 'APU' is selected.
00:47:13 INFO  : Hardware design information is loaded from 'C:/Users/fede_/OneDrive/Documentos/MicroySof/contador-final-e/Sintesis/contador_ip/contador_ip/contador_ip.sdk/system_wrapper_hw_platform_0/system.hdf'.
00:47:13 INFO  : 'configparams force-mem-access 1' command is executed.
00:47:13 INFO  : Context for 'APU' is selected.
00:47:14 INFO  : 'stop' command is executed.
00:47:35 INFO  : 'ps7_init' command is executed.
00:47:36 INFO  : 'ps7_post_config' command is executed.
00:47:36 INFO  : Context for processor 'ps7_cortexa9_0' is selected.
00:47:36 INFO  : Processor reset is completed for 'ps7_cortexa9_0'.
00:47:36 INFO  : Context for processor 'ps7_cortexa9_0' is selected.
00:47:37 INFO  : The application 'C:/Users/fede_/OneDrive/Documentos/MicroySof/contador-final-e/Sintesis/contador_ip/contador_ip/contador_ip.sdk/cont_ip/Debug/cont_ip.elf' is downloaded to processor 'ps7_cortexa9_0'.
00:47:37 INFO  : 'configparams force-mem-access 0' command is executed.
00:47:37 INFO  : ----------------XSDB Script----------------
connect -path [list tcp::1534 tcp:190.55.44.201:3121]
source C:/Users/fede_/OneDrive/Documentos/MicroySof/contador-final-e/Sintesis/contador_ip/contador_ip/contador_ip.sdk/system_wrapper_hw_platform_0/ps7_init.tcl
targets -set -nocase -filter {name =~"APU*" && jtag_cable_name =~ "Digilent Arty Z7 003017A4C8ABA"} -index 0
loadhw -hw C:/Users/fede_/OneDrive/Documentos/MicroySof/contador-final-e/Sintesis/contador_ip/contador_ip/contador_ip.sdk/system_wrapper_hw_platform_0/system.hdf -mem-ranges [list {0x40000000 0xbfffffff}]
configparams force-mem-access 1
targets -set -nocase -filter {name =~"APU*" && jtag_cable_name =~ "Digilent Arty Z7 003017A4C8ABA"} -index 0
stop
ps7_init
ps7_post_config
targets -set -nocase -filter {name =~ "ARM*#0" && jtag_cable_name =~ "Digilent Arty Z7 003017A4C8ABA"} -index 0
rst -processor
targets -set -nocase -filter {name =~ "ARM*#0" && jtag_cable_name =~ "Digilent Arty Z7 003017A4C8ABA"} -index 0
dow C:/Users/fede_/OneDrive/Documentos/MicroySof/contador-final-e/Sintesis/contador_ip/contador_ip/contador_ip.sdk/cont_ip/Debug/cont_ip.elf
configparams force-mem-access 0
----------------End of Script----------------

00:47:37 INFO  : Memory regions updated for context APU
00:47:38 INFO  : Context for processor 'ps7_cortexa9_0' is selected.
00:47:38 INFO  : 'con' command is executed.
00:47:38 INFO  : ----------------XSDB Script (After Launch)----------------
targets -set -nocase -filter {name =~ "ARM*#0" && jtag_cable_name =~ "Digilent Arty Z7 003017A4C8ABA"} -index 0
con
----------------End of Script----------------

00:47:38 INFO  : Launch script is exported to file 'C:\Users\fede_\OneDrive\Documentos\MicroySof\contador-final-e\Sintesis\contador_ip\contador_ip\contador_ip.sdk\.sdk\launch_scripts\xilinx_c-c++_application_(system_debugger)\system_debugger_using_debug_cont_ip.elf_on_local.tcl'
00:48:17 INFO  : Disconnected from the channel tcfchan#4.
00:48:19 INFO  : 'targets -set -filter {jtag_cable_name =~ "Digilent Arty Z7 003017A4C8ABA" && level==0} -index 1' command is executed.
00:48:19 INFO  : 'fpga -state' command is executed.
00:48:19 INFO  : Connected through redirection to target on host '190.55.44.201' and port '3121'.
00:48:19 WARN  : SDK version '2018.1' doesn't match hw_server version '2022.1'. Some debug features may not work.
00:48:22 INFO  : Jtag cable 'Digilent Arty Z7 003017A4C8ABA' is selected.
00:48:22 INFO  : 'jtag frequency' command is executed.
00:48:22 INFO  : Sourcing of 'C:/Users/fede_/OneDrive/Documentos/MicroySof/contador-final-e/Sintesis/contador_ip/contador_ip/contador_ip.sdk/system_wrapper_hw_platform_0/ps7_init.tcl' is done.
00:48:22 INFO  : Context for 'APU' is selected.
00:48:26 INFO  : Hardware design information is loaded from 'C:/Users/fede_/OneDrive/Documentos/MicroySof/contador-final-e/Sintesis/contador_ip/contador_ip/contador_ip.sdk/system_wrapper_hw_platform_0/system.hdf'.
00:48:26 INFO  : 'configparams force-mem-access 1' command is executed.
00:48:27 INFO  : Context for 'APU' is selected.
00:48:27 INFO  : 'stop' command is executed.
00:48:46 INFO  : 'ps7_init' command is executed.
00:48:47 INFO  : 'ps7_post_config' command is executed.
00:48:47 INFO  : Context for processor 'ps7_cortexa9_0' is selected.
00:48:47 INFO  : Processor reset is completed for 'ps7_cortexa9_0'.
00:48:48 INFO  : Context for processor 'ps7_cortexa9_0' is selected.
00:48:48 INFO  : The application 'C:/Users/fede_/OneDrive/Documentos/MicroySof/contador-final-e/Sintesis/contador_ip/contador_ip/contador_ip.sdk/cont_ip/Debug/cont_ip.elf' is downloaded to processor 'ps7_cortexa9_0'.
00:48:48 INFO  : 'configparams force-mem-access 0' command is executed.
00:48:48 INFO  : ----------------XSDB Script----------------
connect -path [list tcp::1534 tcp:190.55.44.201:3121]
source C:/Users/fede_/OneDrive/Documentos/MicroySof/contador-final-e/Sintesis/contador_ip/contador_ip/contador_ip.sdk/system_wrapper_hw_platform_0/ps7_init.tcl
targets -set -nocase -filter {name =~"APU*" && jtag_cable_name =~ "Digilent Arty Z7 003017A4C8ABA"} -index 0
loadhw -hw C:/Users/fede_/OneDrive/Documentos/MicroySof/contador-final-e/Sintesis/contador_ip/contador_ip/contador_ip.sdk/system_wrapper_hw_platform_0/system.hdf -mem-ranges [list {0x40000000 0xbfffffff}]
configparams force-mem-access 1
targets -set -nocase -filter {name =~"APU*" && jtag_cable_name =~ "Digilent Arty Z7 003017A4C8ABA"} -index 0
stop
ps7_init
ps7_post_config
targets -set -nocase -filter {name =~ "ARM*#0" && jtag_cable_name =~ "Digilent Arty Z7 003017A4C8ABA"} -index 0
rst -processor
targets -set -nocase -filter {name =~ "ARM*#0" && jtag_cable_name =~ "Digilent Arty Z7 003017A4C8ABA"} -index 0
dow C:/Users/fede_/OneDrive/Documentos/MicroySof/contador-final-e/Sintesis/contador_ip/contador_ip/contador_ip.sdk/cont_ip/Debug/cont_ip.elf
configparams force-mem-access 0
----------------End of Script----------------

00:48:49 INFO  : Memory regions updated for context APU
00:48:49 INFO  : Context for processor 'ps7_cortexa9_0' is selected.
00:48:49 INFO  : 'con' command is executed.
00:48:49 INFO  : ----------------XSDB Script (After Launch)----------------
targets -set -nocase -filter {name =~ "ARM*#0" && jtag_cable_name =~ "Digilent Arty Z7 003017A4C8ABA"} -index 0
con
----------------End of Script----------------

00:48:49 INFO  : Launch script is exported to file 'C:\Users\fede_\OneDrive\Documentos\MicroySof\contador-final-e\Sintesis\contador_ip\contador_ip\contador_ip.sdk\.sdk\launch_scripts\xilinx_c-c++_application_(system_debugger)\system_debugger_using_debug_cont_ip.elf_on_local.tcl'
00:50:52 INFO  : Disconnected from the channel tcfchan#5.
00:50:53 INFO  : 'targets -set -filter {jtag_cable_name =~ "Digilent Arty Z7 003017A4C8ABA" && level==0} -index 1' command is executed.
00:50:53 INFO  : 'fpga -state' command is executed.
00:50:53 INFO  : Connected through redirection to target on host '190.55.44.201' and port '3121'.
00:50:53 WARN  : SDK version '2018.1' doesn't match hw_server version '2022.1'. Some debug features may not work.
00:50:55 INFO  : Jtag cable 'Digilent Arty Z7 003017A4C8ABA' is selected.
00:50:55 INFO  : 'jtag frequency' command is executed.
00:50:55 INFO  : Sourcing of 'C:/Users/fede_/OneDrive/Documentos/MicroySof/contador-final-e/Sintesis/contador_ip/contador_ip/contador_ip.sdk/system_wrapper_hw_platform_0/ps7_init.tcl' is done.
00:50:56 INFO  : Context for 'APU' is selected.
00:51:00 INFO  : Hardware design information is loaded from 'C:/Users/fede_/OneDrive/Documentos/MicroySof/contador-final-e/Sintesis/contador_ip/contador_ip/contador_ip.sdk/system_wrapper_hw_platform_0/system.hdf'.
00:51:00 INFO  : 'configparams force-mem-access 1' command is executed.
00:51:00 INFO  : Context for 'APU' is selected.
00:51:00 INFO  : 'stop' command is executed.
00:51:19 INFO  : 'ps7_init' command is executed.
00:51:20 INFO  : 'ps7_post_config' command is executed.
00:51:20 INFO  : Context for processor 'ps7_cortexa9_0' is selected.
00:51:20 INFO  : Processor reset is completed for 'ps7_cortexa9_0'.
00:51:20 INFO  : Context for processor 'ps7_cortexa9_0' is selected.
00:51:21 INFO  : The application 'C:/Users/fede_/OneDrive/Documentos/MicroySof/contador-final-e/Sintesis/contador_ip/contador_ip/contador_ip.sdk/cont_ip/Debug/cont_ip.elf' is downloaded to processor 'ps7_cortexa9_0'.
00:51:21 INFO  : 'configparams force-mem-access 0' command is executed.
00:51:21 INFO  : ----------------XSDB Script----------------
connect -path [list tcp::1534 tcp:190.55.44.201:3121]
source C:/Users/fede_/OneDrive/Documentos/MicroySof/contador-final-e/Sintesis/contador_ip/contador_ip/contador_ip.sdk/system_wrapper_hw_platform_0/ps7_init.tcl
targets -set -nocase -filter {name =~"APU*" && jtag_cable_name =~ "Digilent Arty Z7 003017A4C8ABA"} -index 0
loadhw -hw C:/Users/fede_/OneDrive/Documentos/MicroySof/contador-final-e/Sintesis/contador_ip/contador_ip/contador_ip.sdk/system_wrapper_hw_platform_0/system.hdf -mem-ranges [list {0x40000000 0xbfffffff}]
configparams force-mem-access 1
targets -set -nocase -filter {name =~"APU*" && jtag_cable_name =~ "Digilent Arty Z7 003017A4C8ABA"} -index 0
stop
ps7_init
ps7_post_config
targets -set -nocase -filter {name =~ "ARM*#0" && jtag_cable_name =~ "Digilent Arty Z7 003017A4C8ABA"} -index 0
rst -processor
targets -set -nocase -filter {name =~ "ARM*#0" && jtag_cable_name =~ "Digilent Arty Z7 003017A4C8ABA"} -index 0
dow C:/Users/fede_/OneDrive/Documentos/MicroySof/contador-final-e/Sintesis/contador_ip/contador_ip/contador_ip.sdk/cont_ip/Debug/cont_ip.elf
configparams force-mem-access 0
----------------End of Script----------------

00:51:21 INFO  : Memory regions updated for context APU
00:51:22 INFO  : Context for processor 'ps7_cortexa9_0' is selected.
00:51:22 INFO  : 'con' command is executed.
00:51:22 INFO  : ----------------XSDB Script (After Launch)----------------
targets -set -nocase -filter {name =~ "ARM*#0" && jtag_cable_name =~ "Digilent Arty Z7 003017A4C8ABA"} -index 0
con
----------------End of Script----------------

00:51:22 INFO  : Launch script is exported to file 'C:\Users\fede_\OneDrive\Documentos\MicroySof\contador-final-e\Sintesis\contador_ip\contador_ip\contador_ip.sdk\.sdk\launch_scripts\xilinx_c-c++_application_(system_debugger)\system_debugger_using_debug_cont_ip.elf_on_local.tcl'
00:57:24 INFO  : Disconnected from the channel tcfchan#6.
00:57:25 INFO  : 'targets -set -filter {jtag_cable_name =~ "Digilent Arty Z7 003017A4C8ABA" && level==0} -index 1' command is executed.
00:57:25 INFO  : 'fpga -state' command is executed.
00:57:25 INFO  : Connected through redirection to target on host '190.55.44.201' and port '3121'.
00:57:25 WARN  : SDK version '2018.1' doesn't match hw_server version '2022.1'. Some debug features may not work.
00:57:28 INFO  : Jtag cable 'Digilent Arty Z7 003017A4C8ABA' is selected.
00:57:28 INFO  : 'jtag frequency' command is executed.
00:57:28 INFO  : Sourcing of 'C:/Users/fede_/OneDrive/Documentos/MicroySof/contador-final-e/Sintesis/contador_ip/contador_ip/contador_ip.sdk/system_wrapper_hw_platform_0/ps7_init.tcl' is done.
00:57:28 INFO  : Context for 'APU' is selected.
00:57:31 INFO  : Hardware design information is loaded from 'C:/Users/fede_/OneDrive/Documentos/MicroySof/contador-final-e/Sintesis/contador_ip/contador_ip/contador_ip.sdk/system_wrapper_hw_platform_0/system.hdf'.
00:57:32 INFO  : 'configparams force-mem-access 1' command is executed.
00:57:32 INFO  : Context for 'APU' is selected.
00:57:32 INFO  : 'stop' command is executed.
00:57:51 INFO  : 'ps7_init' command is executed.
00:57:52 INFO  : 'ps7_post_config' command is executed.
00:57:52 INFO  : Context for processor 'ps7_cortexa9_0' is selected.
00:57:52 INFO  : Processor reset is completed for 'ps7_cortexa9_0'.
00:57:52 INFO  : Context for processor 'ps7_cortexa9_0' is selected.
00:57:53 INFO  : The application 'C:/Users/fede_/OneDrive/Documentos/MicroySof/contador-final-e/Sintesis/contador_ip/contador_ip/contador_ip.sdk/cont_ip/Debug/cont_ip.elf' is downloaded to processor 'ps7_cortexa9_0'.
00:57:53 INFO  : 'configparams force-mem-access 0' command is executed.
00:57:53 INFO  : ----------------XSDB Script----------------
connect -path [list tcp::1534 tcp:190.55.44.201:3121]
source C:/Users/fede_/OneDrive/Documentos/MicroySof/contador-final-e/Sintesis/contador_ip/contador_ip/contador_ip.sdk/system_wrapper_hw_platform_0/ps7_init.tcl
targets -set -nocase -filter {name =~"APU*" && jtag_cable_name =~ "Digilent Arty Z7 003017A4C8ABA"} -index 0
loadhw -hw C:/Users/fede_/OneDrive/Documentos/MicroySof/contador-final-e/Sintesis/contador_ip/contador_ip/contador_ip.sdk/system_wrapper_hw_platform_0/system.hdf -mem-ranges [list {0x40000000 0xbfffffff}]
configparams force-mem-access 1
targets -set -nocase -filter {name =~"APU*" && jtag_cable_name =~ "Digilent Arty Z7 003017A4C8ABA"} -index 0
stop
ps7_init
ps7_post_config
targets -set -nocase -filter {name =~ "ARM*#0" && jtag_cable_name =~ "Digilent Arty Z7 003017A4C8ABA"} -index 0
rst -processor
targets -set -nocase -filter {name =~ "ARM*#0" && jtag_cable_name =~ "Digilent Arty Z7 003017A4C8ABA"} -index 0
dow C:/Users/fede_/OneDrive/Documentos/MicroySof/contador-final-e/Sintesis/contador_ip/contador_ip/contador_ip.sdk/cont_ip/Debug/cont_ip.elf
configparams force-mem-access 0
----------------End of Script----------------

00:57:54 INFO  : Memory regions updated for context APU
00:57:54 INFO  : Context for processor 'ps7_cortexa9_0' is selected.
00:57:54 INFO  : 'con' command is executed.
00:57:54 INFO  : ----------------XSDB Script (After Launch)----------------
targets -set -nocase -filter {name =~ "ARM*#0" && jtag_cable_name =~ "Digilent Arty Z7 003017A4C8ABA"} -index 0
con
----------------End of Script----------------

00:57:54 INFO  : Launch script is exported to file 'C:\Users\fede_\OneDrive\Documentos\MicroySof\contador-final-e\Sintesis\contador_ip\contador_ip\contador_ip.sdk\.sdk\launch_scripts\xilinx_c-c++_application_(system_debugger)\system_debugger_using_debug_cont_ip.elf_on_local.tcl'
01:02:18 INFO  : Disconnected from the channel tcfchan#7.
01:02:20 INFO  : 'targets -set -filter {jtag_cable_name =~ "Digilent Arty Z7 003017A4C8ABA" && level==0} -index 1' command is executed.
01:02:20 INFO  : 'fpga -state' command is executed.
01:02:20 INFO  : Connected through redirection to target on host '190.55.44.201' and port '3121'.
01:02:20 WARN  : SDK version '2018.1' doesn't match hw_server version '2022.1'. Some debug features may not work.
01:02:22 INFO  : Jtag cable 'Digilent Arty Z7 003017A4C8ABA' is selected.
01:02:22 INFO  : 'jtag frequency' command is executed.
01:02:22 INFO  : Sourcing of 'C:/Users/fede_/OneDrive/Documentos/MicroySof/contador-final-e/Sintesis/contador_ip/contador_ip/contador_ip.sdk/system_wrapper_hw_platform_0/ps7_init.tcl' is done.
01:02:23 INFO  : Context for 'APU' is selected.
01:02:28 INFO  : Hardware design information is loaded from 'C:/Users/fede_/OneDrive/Documentos/MicroySof/contador-final-e/Sintesis/contador_ip/contador_ip/contador_ip.sdk/system_wrapper_hw_platform_0/system.hdf'.
01:02:28 INFO  : 'configparams force-mem-access 1' command is executed.
01:02:28 INFO  : Context for 'APU' is selected.
01:02:29 INFO  : 'stop' command is executed.
01:02:48 INFO  : 'ps7_init' command is executed.
01:02:48 INFO  : 'ps7_post_config' command is executed.
01:02:49 INFO  : Context for processor 'ps7_cortexa9_0' is selected.
01:02:49 INFO  : Processor reset is completed for 'ps7_cortexa9_0'.
01:02:49 INFO  : Context for processor 'ps7_cortexa9_0' is selected.
01:02:50 INFO  : The application 'C:/Users/fede_/OneDrive/Documentos/MicroySof/contador-final-e/Sintesis/contador_ip/contador_ip/contador_ip.sdk/cont_ip/Debug/cont_ip.elf' is downloaded to processor 'ps7_cortexa9_0'.
01:02:50 INFO  : 'configparams force-mem-access 0' command is executed.
01:02:50 INFO  : ----------------XSDB Script----------------
connect -path [list tcp::1534 tcp:190.55.44.201:3121]
source C:/Users/fede_/OneDrive/Documentos/MicroySof/contador-final-e/Sintesis/contador_ip/contador_ip/contador_ip.sdk/system_wrapper_hw_platform_0/ps7_init.tcl
targets -set -nocase -filter {name =~"APU*" && jtag_cable_name =~ "Digilent Arty Z7 003017A4C8ABA"} -index 0
loadhw -hw C:/Users/fede_/OneDrive/Documentos/MicroySof/contador-final-e/Sintesis/contador_ip/contador_ip/contador_ip.sdk/system_wrapper_hw_platform_0/system.hdf -mem-ranges [list {0x40000000 0xbfffffff}]
configparams force-mem-access 1
targets -set -nocase -filter {name =~"APU*" && jtag_cable_name =~ "Digilent Arty Z7 003017A4C8ABA"} -index 0
stop
ps7_init
ps7_post_config
targets -set -nocase -filter {name =~ "ARM*#0" && jtag_cable_name =~ "Digilent Arty Z7 003017A4C8ABA"} -index 0
rst -processor
targets -set -nocase -filter {name =~ "ARM*#0" && jtag_cable_name =~ "Digilent Arty Z7 003017A4C8ABA"} -index 0
dow C:/Users/fede_/OneDrive/Documentos/MicroySof/contador-final-e/Sintesis/contador_ip/contador_ip/contador_ip.sdk/cont_ip/Debug/cont_ip.elf
configparams force-mem-access 0
----------------End of Script----------------

01:02:50 INFO  : Memory regions updated for context APU
01:02:50 INFO  : Context for processor 'ps7_cortexa9_0' is selected.
01:02:50 INFO  : 'con' command is executed.
01:02:50 INFO  : ----------------XSDB Script (After Launch)----------------
targets -set -nocase -filter {name =~ "ARM*#0" && jtag_cable_name =~ "Digilent Arty Z7 003017A4C8ABA"} -index 0
con
----------------End of Script----------------

01:02:50 INFO  : Launch script is exported to file 'C:\Users\fede_\OneDrive\Documentos\MicroySof\contador-final-e\Sintesis\contador_ip\contador_ip\contador_ip.sdk\.sdk\launch_scripts\xilinx_c-c++_application_(system_debugger)\system_debugger_using_debug_cont_ip.elf_on_local.tcl'
01:05:34 INFO  : Disconnected from the channel tcfchan#8.
01:05:36 INFO  : 'targets -set -filter {jtag_cable_name =~ "Digilent Arty Z7 003017A4C8ABA" && level==0} -index 1' command is executed.
01:05:36 INFO  : 'fpga -state' command is executed.
01:05:36 INFO  : Connected through redirection to target on host '190.55.44.201' and port '3121'.
01:05:36 WARN  : SDK version '2018.1' doesn't match hw_server version '2022.1'. Some debug features may not work.
01:05:39 INFO  : Jtag cable 'Digilent Arty Z7 003017A4C8ABA' is selected.
01:05:39 INFO  : 'jtag frequency' command is executed.
01:05:39 INFO  : Sourcing of 'C:/Users/fede_/OneDrive/Documentos/MicroySof/contador-final-e/Sintesis/contador_ip/contador_ip/contador_ip.sdk/system_wrapper_hw_platform_0/ps7_init.tcl' is done.
01:05:40 INFO  : Context for 'APU' is selected.
01:05:44 INFO  : Hardware design information is loaded from 'C:/Users/fede_/OneDrive/Documentos/MicroySof/contador-final-e/Sintesis/contador_ip/contador_ip/contador_ip.sdk/system_wrapper_hw_platform_0/system.hdf'.
01:05:44 INFO  : 'configparams force-mem-access 1' command is executed.
01:05:44 INFO  : Context for 'APU' is selected.
01:05:44 INFO  : 'stop' command is executed.
01:06:06 INFO  : 'ps7_init' command is executed.
01:06:06 INFO  : 'ps7_post_config' command is executed.
01:06:06 INFO  : Context for processor 'ps7_cortexa9_0' is selected.
01:06:07 INFO  : Processor reset is completed for 'ps7_cortexa9_0'.
01:06:07 INFO  : Context for processor 'ps7_cortexa9_0' is selected.
01:06:08 INFO  : The application 'C:/Users/fede_/OneDrive/Documentos/MicroySof/contador-final-e/Sintesis/contador_ip/contador_ip/contador_ip.sdk/cont_ip/Debug/cont_ip.elf' is downloaded to processor 'ps7_cortexa9_0'.
01:06:08 INFO  : 'configparams force-mem-access 0' command is executed.
01:06:08 INFO  : ----------------XSDB Script----------------
connect -path [list tcp::1534 tcp:190.55.44.201:3121]
source C:/Users/fede_/OneDrive/Documentos/MicroySof/contador-final-e/Sintesis/contador_ip/contador_ip/contador_ip.sdk/system_wrapper_hw_platform_0/ps7_init.tcl
targets -set -nocase -filter {name =~"APU*" && jtag_cable_name =~ "Digilent Arty Z7 003017A4C8ABA"} -index 0
loadhw -hw C:/Users/fede_/OneDrive/Documentos/MicroySof/contador-final-e/Sintesis/contador_ip/contador_ip/contador_ip.sdk/system_wrapper_hw_platform_0/system.hdf -mem-ranges [list {0x40000000 0xbfffffff}]
configparams force-mem-access 1
targets -set -nocase -filter {name =~"APU*" && jtag_cable_name =~ "Digilent Arty Z7 003017A4C8ABA"} -index 0
stop
ps7_init
ps7_post_config
targets -set -nocase -filter {name =~ "ARM*#0" && jtag_cable_name =~ "Digilent Arty Z7 003017A4C8ABA"} -index 0
rst -processor
targets -set -nocase -filter {name =~ "ARM*#0" && jtag_cable_name =~ "Digilent Arty Z7 003017A4C8ABA"} -index 0
dow C:/Users/fede_/OneDrive/Documentos/MicroySof/contador-final-e/Sintesis/contador_ip/contador_ip/contador_ip.sdk/cont_ip/Debug/cont_ip.elf
configparams force-mem-access 0
----------------End of Script----------------

01:06:08 INFO  : Memory regions updated for context APU
01:06:08 INFO  : Context for processor 'ps7_cortexa9_0' is selected.
01:06:09 INFO  : 'con' command is executed.
01:06:09 INFO  : ----------------XSDB Script (After Launch)----------------
targets -set -nocase -filter {name =~ "ARM*#0" && jtag_cable_name =~ "Digilent Arty Z7 003017A4C8ABA"} -index 0
con
----------------End of Script----------------

01:06:09 INFO  : Launch script is exported to file 'C:\Users\fede_\OneDrive\Documentos\MicroySof\contador-final-e\Sintesis\contador_ip\contador_ip\contador_ip.sdk\.sdk\launch_scripts\xilinx_c-c++_application_(system_debugger)\system_debugger_using_debug_cont_ip.elf_on_local.tcl'
01:09:13 INFO  : Disconnected from the channel tcfchan#9.
01:09:15 INFO  : 'targets -set -filter {jtag_cable_name =~ "Digilent Arty Z7 003017A4C8ABA" && level==0} -index 1' command is executed.
01:09:15 INFO  : 'fpga -state' command is executed.
01:09:15 INFO  : Connected through redirection to target on host '190.55.44.201' and port '3121'.
01:09:15 WARN  : SDK version '2018.1' doesn't match hw_server version '2022.1'. Some debug features may not work.
01:09:20 INFO  : Jtag cable 'Digilent Arty Z7 003017A4C8ABA' is selected.
01:09:20 INFO  : 'jtag frequency' command is executed.
01:09:20 INFO  : Sourcing of 'C:/Users/fede_/OneDrive/Documentos/MicroySof/contador-final-e/Sintesis/contador_ip/contador_ip/contador_ip.sdk/system_wrapper_hw_platform_0/ps7_init.tcl' is done.
01:09:21 INFO  : Context for 'APU' is selected.
01:09:25 INFO  : Hardware design information is loaded from 'C:/Users/fede_/OneDrive/Documentos/MicroySof/contador-final-e/Sintesis/contador_ip/contador_ip/contador_ip.sdk/system_wrapper_hw_platform_0/system.hdf'.
01:09:25 INFO  : 'configparams force-mem-access 1' command is executed.
01:09:25 INFO  : Context for 'APU' is selected.
01:09:26 INFO  : 'stop' command is executed.
01:09:47 INFO  : 'ps7_init' command is executed.
01:09:47 INFO  : 'ps7_post_config' command is executed.
01:09:48 INFO  : Context for processor 'ps7_cortexa9_0' is selected.
01:09:48 INFO  : Processor reset is completed for 'ps7_cortexa9_0'.
01:09:48 INFO  : Context for processor 'ps7_cortexa9_0' is selected.
01:09:49 INFO  : The application 'C:/Users/fede_/OneDrive/Documentos/MicroySof/contador-final-e/Sintesis/contador_ip/contador_ip/contador_ip.sdk/cont_ip/Debug/cont_ip.elf' is downloaded to processor 'ps7_cortexa9_0'.
01:09:49 INFO  : 'configparams force-mem-access 0' command is executed.
01:09:49 INFO  : ----------------XSDB Script----------------
connect -path [list tcp::1534 tcp:190.55.44.201:3121]
source C:/Users/fede_/OneDrive/Documentos/MicroySof/contador-final-e/Sintesis/contador_ip/contador_ip/contador_ip.sdk/system_wrapper_hw_platform_0/ps7_init.tcl
targets -set -nocase -filter {name =~"APU*" && jtag_cable_name =~ "Digilent Arty Z7 003017A4C8ABA"} -index 0
loadhw -hw C:/Users/fede_/OneDrive/Documentos/MicroySof/contador-final-e/Sintesis/contador_ip/contador_ip/contador_ip.sdk/system_wrapper_hw_platform_0/system.hdf -mem-ranges [list {0x40000000 0xbfffffff}]
configparams force-mem-access 1
targets -set -nocase -filter {name =~"APU*" && jtag_cable_name =~ "Digilent Arty Z7 003017A4C8ABA"} -index 0
stop
ps7_init
ps7_post_config
targets -set -nocase -filter {name =~ "ARM*#0" && jtag_cable_name =~ "Digilent Arty Z7 003017A4C8ABA"} -index 0
rst -processor
targets -set -nocase -filter {name =~ "ARM*#0" && jtag_cable_name =~ "Digilent Arty Z7 003017A4C8ABA"} -index 0
dow C:/Users/fede_/OneDrive/Documentos/MicroySof/contador-final-e/Sintesis/contador_ip/contador_ip/contador_ip.sdk/cont_ip/Debug/cont_ip.elf
configparams force-mem-access 0
----------------End of Script----------------

01:09:50 INFO  : Memory regions updated for context APU
01:09:50 INFO  : Context for processor 'ps7_cortexa9_0' is selected.
01:09:50 INFO  : 'con' command is executed.
01:09:50 INFO  : ----------------XSDB Script (After Launch)----------------
targets -set -nocase -filter {name =~ "ARM*#0" && jtag_cable_name =~ "Digilent Arty Z7 003017A4C8ABA"} -index 0
con
----------------End of Script----------------

01:09:50 INFO  : Launch script is exported to file 'C:\Users\fede_\OneDrive\Documentos\MicroySof\contador-final-e\Sintesis\contador_ip\contador_ip\contador_ip.sdk\.sdk\launch_scripts\xilinx_c-c++_application_(system_debugger)\system_debugger_using_debug_cont_ip.elf_on_local.tcl'
01:13:25 INFO  : Disconnected from the channel tcfchan#10.
01:13:26 INFO  : 'targets -set -filter {jtag_cable_name =~ "Digilent Arty Z7 003017A4C8ABA" && level==0} -index 1' command is executed.
01:13:26 INFO  : 'fpga -state' command is executed.
01:13:26 INFO  : Connected through redirection to target on host '190.55.44.201' and port '3121'.
01:13:27 WARN  : SDK version '2018.1' doesn't match hw_server version '2022.1'. Some debug features may not work.
01:13:28 INFO  : Jtag cable 'Digilent Arty Z7 003017A4C8ABA' is selected.
01:13:28 INFO  : 'jtag frequency' command is executed.
01:13:28 INFO  : Sourcing of 'C:/Users/fede_/OneDrive/Documentos/MicroySof/contador-final-e/Sintesis/contador_ip/contador_ip/contador_ip.sdk/system_wrapper_hw_platform_0/ps7_init.tcl' is done.
01:13:29 INFO  : Context for 'APU' is selected.
01:13:32 INFO  : Hardware design information is loaded from 'C:/Users/fede_/OneDrive/Documentos/MicroySof/contador-final-e/Sintesis/contador_ip/contador_ip/contador_ip.sdk/system_wrapper_hw_platform_0/system.hdf'.
01:13:33 INFO  : 'configparams force-mem-access 1' command is executed.
01:13:33 INFO  : Context for 'APU' is selected.
01:13:33 ERROR : Context ARM Cortex-A9 MPCore #0 state: APB AP transaction error, DAP status 0xF0000021
01:13:33 INFO  : ----------------XSDB Script----------------
connect -path [list tcp::1534 tcp:190.55.44.201:3121]
source C:/Users/fede_/OneDrive/Documentos/MicroySof/contador-final-e/Sintesis/contador_ip/contador_ip/contador_ip.sdk/system_wrapper_hw_platform_0/ps7_init.tcl
targets -set -nocase -filter {name =~"APU*" && jtag_cable_name =~ "Digilent Arty Z7 003017A4C8ABA"} -index 0
loadhw -hw C:/Users/fede_/OneDrive/Documentos/MicroySof/contador-final-e/Sintesis/contador_ip/contador_ip/contador_ip.sdk/system_wrapper_hw_platform_0/system.hdf -mem-ranges [list {0x40000000 0xbfffffff}]
configparams force-mem-access 1
targets -set -nocase -filter {name =~"APU*" && jtag_cable_name =~ "Digilent Arty Z7 003017A4C8ABA"} -index 0
stop
----------------End of Script----------------

01:15:36 INFO  : Connected to target on host '190.55.44.201' and port '3121'.
01:15:46 INFO  : Connected to target on host '190.55.44.201' and port '3121'.
01:15:59 INFO  : 'targets -set -filter {jtag_cable_name =~ "Digilent Arty Z7 003017A4C81CA" && level==0} -index 1' command is executed.
01:15:59 INFO  : 'fpga -state' command is executed.
01:15:59 INFO  : Connected through redirection to target on host '190.55.44.201' and port '3121'.
01:15:59 WARN  : SDK version '2018.1' doesn't match hw_server version '2022.1'. Some debug features may not work.
01:16:01 INFO  : Jtag cable 'Digilent Arty Z7 003017A4C81CA' is selected.
01:16:01 INFO  : 'jtag frequency' command is executed.
01:16:01 INFO  : Sourcing of 'C:/Users/fede_/OneDrive/Documentos/MicroySof/contador-final-e/Sintesis/contador_ip/contador_ip/contador_ip.sdk/system_wrapper_hw_platform_0/ps7_init.tcl' is done.
01:16:04 ERROR : no targets found with "name =~"APU*" && jtag_cable_name =~ "Digilent Arty Z7 003017A4C81CA"". available targets:
  1  DAP (AHB AP transaction error, DAP status 0x30000021)
  2* xc7z010
     3  Legacy Debug Hub
  4  APU
     5  ARM Cortex-A9 MPCore #0 (Running)
     6  ARM Cortex-A9 MPCore #1 (Running)
  7  xc7z010
     8  Legacy Debug Hub
01:16:04 INFO  : ----------------XSDB Script----------------
connect -path [list tcp::1534 tcp:190.55.44.201:3121]
source C:/Users/fede_/OneDrive/Documentos/MicroySof/contador-final-e/Sintesis/contador_ip/contador_ip/contador_ip.sdk/system_wrapper_hw_platform_0/ps7_init.tcl
targets -set -nocase -filter {name =~"APU*" && jtag_cable_name =~ "Digilent Arty Z7 003017A4C81CA"} -index 0
----------------End of Script----------------

01:18:06 INFO  : 'targets -set -filter {jtag_cable_name =~ "Digilent Arty Z7 003017A4C8ABA" && level==0} -index 1' command is executed.
01:18:06 INFO  : 'fpga -state' command is executed.
01:18:06 INFO  : Connected through redirection to target on host '190.55.44.201' and port '3121'.
01:18:06 WARN  : SDK version '2018.1' doesn't match hw_server version '2022.1'. Some debug features may not work.
01:18:07 INFO  : Jtag cable 'Digilent Arty Z7 003017A4C8ABA' is selected.
01:18:07 INFO  : 'jtag frequency' command is executed.
01:18:07 INFO  : Sourcing of 'C:/Users/fede_/OneDrive/Documentos/MicroySof/contador-final-e/Sintesis/contador_ip/contador_ip/contador_ip.sdk/system_wrapper_hw_platform_0/ps7_init.tcl' is done.
01:18:07 INFO  : Context for 'APU' is selected.
01:18:07 INFO  : Hardware design information is loaded from 'C:/Users/fede_/OneDrive/Documentos/MicroySof/contador-final-e/Sintesis/contador_ip/contador_ip/contador_ip.sdk/system_wrapper_hw_platform_0/system.hdf'.
01:18:07 INFO  : 'configparams force-mem-access 1' command is executed.
01:18:07 INFO  : Context for 'APU' is selected.
01:18:07 INFO  : 'stop' command is executed.
01:18:25 INFO  : 'ps7_init' command is executed.
01:18:26 INFO  : 'ps7_post_config' command is executed.
01:18:26 INFO  : Context for processor 'ps7_cortexa9_0' is selected.
01:18:26 ERROR : Cannot reset ARM Cortex-A9 MPCore #0. APB AP transaction error, DAP status 0xF0000021
01:18:26 INFO  : ----------------XSDB Script----------------
connect -path [list tcp::1534 tcp:190.55.44.201:3121]
source C:/Users/fede_/OneDrive/Documentos/MicroySof/contador-final-e/Sintesis/contador_ip/contador_ip/contador_ip.sdk/system_wrapper_hw_platform_0/ps7_init.tcl
targets -set -nocase -filter {name =~"APU*" && jtag_cable_name =~ "Digilent Arty Z7 003017A4C8ABA"} -index 0
loadhw -hw C:/Users/fede_/OneDrive/Documentos/MicroySof/contador-final-e/Sintesis/contador_ip/contador_ip/contador_ip.sdk/system_wrapper_hw_platform_0/system.hdf -mem-ranges [list {0x40000000 0xbfffffff}]
configparams force-mem-access 1
targets -set -nocase -filter {name =~"APU*" && jtag_cable_name =~ "Digilent Arty Z7 003017A4C8ABA"} -index 0
stop
ps7_init
ps7_post_config
targets -set -nocase -filter {name =~ "ARM*#0" && jtag_cable_name =~ "Digilent Arty Z7 003017A4C8ABA"} -index 0
rst -processor
----------------End of Script----------------

01:22:08 INFO  : 'targets -set -filter {jtag_cable_name =~ "Digilent Arty Z7 003017A4C8ABA" && level==0} -index 1' command is executed.
01:22:08 INFO  : 'fpga -state' command is executed.
01:22:08 INFO  : Connected through redirection to target on host '190.55.44.201' and port '3121'.
01:22:08 WARN  : SDK version '2018.1' doesn't match hw_server version '2022.1'. Some debug features may not work.
01:22:10 INFO  : Jtag cable 'Digilent Arty Z7 003017A4C8ABA' is selected.
01:22:10 INFO  : 'jtag frequency' command is executed.
01:22:10 INFO  : Sourcing of 'C:/Users/fede_/OneDrive/Documentos/MicroySof/contador-final-e/Sintesis/contador_ip/contador_ip/contador_ip.sdk/system_wrapper_hw_platform_0/ps7_init.tcl' is done.
01:22:10 INFO  : Context for 'APU' is selected.
01:22:10 INFO  : Hardware design information is loaded from 'C:/Users/fede_/OneDrive/Documentos/MicroySof/contador-final-e/Sintesis/contador_ip/contador_ip/contador_ip.sdk/system_wrapper_hw_platform_0/system.hdf'.
01:22:11 INFO  : 'configparams force-mem-access 1' command is executed.
01:22:11 INFO  : Context for 'APU' is selected.
01:22:11 INFO  : 'stop' command is executed.
01:22:29 INFO  : 'ps7_init' command is executed.
01:22:29 INFO  : 'ps7_post_config' command is executed.
01:22:30 INFO  : Context for processor 'ps7_cortexa9_0' is selected.
01:22:30 ERROR : Cannot reset ARM Cortex-A9 MPCore #0. APB AP transaction error, DAP status 0xF0000021
01:22:30 INFO  : ----------------XSDB Script----------------
connect -path [list tcp::1534 tcp:190.55.44.201:3121]
source C:/Users/fede_/OneDrive/Documentos/MicroySof/contador-final-e/Sintesis/contador_ip/contador_ip/contador_ip.sdk/system_wrapper_hw_platform_0/ps7_init.tcl
targets -set -nocase -filter {name =~"APU*" && jtag_cable_name =~ "Digilent Arty Z7 003017A4C8ABA"} -index 0
loadhw -hw C:/Users/fede_/OneDrive/Documentos/MicroySof/contador-final-e/Sintesis/contador_ip/contador_ip/contador_ip.sdk/system_wrapper_hw_platform_0/system.hdf -mem-ranges [list {0x40000000 0xbfffffff}]
configparams force-mem-access 1
targets -set -nocase -filter {name =~"APU*" && jtag_cable_name =~ "Digilent Arty Z7 003017A4C8ABA"} -index 0
stop
ps7_init
ps7_post_config
targets -set -nocase -filter {name =~ "ARM*#0" && jtag_cable_name =~ "Digilent Arty Z7 003017A4C8ABA"} -index 0
rst -processor
----------------End of Script----------------

01:38:50 INFO  : 'targets -set -filter {jtag_cable_name =~ "Digilent Arty Z7 003017A4C8ABA" && level==0} -index 1' command is executed.
01:38:50 INFO  : 'fpga -state' command is executed.
01:38:50 INFO  : Connected through redirection to target on host '190.55.44.201' and port '3121'.
01:38:50 WARN  : SDK version '2018.1' doesn't match hw_server version '2022.1'. Some debug features may not work.
01:38:52 INFO  : Jtag cable 'Digilent Arty Z7 003017A4C8ABA' is selected.
01:38:52 INFO  : 'jtag frequency' command is executed.
01:38:52 INFO  : Sourcing of 'C:/Users/fede_/OneDrive/Documentos/MicroySof/contador-final-e/Sintesis/contador_ip/contador_ip/contador_ip.sdk/system_wrapper_hw_platform_0/ps7_init.tcl' is done.
01:38:52 INFO  : Context for 'APU' is selected.
01:38:52 INFO  : Hardware design information is loaded from 'C:/Users/fede_/OneDrive/Documentos/MicroySof/contador-final-e/Sintesis/contador_ip/contador_ip/contador_ip.sdk/system_wrapper_hw_platform_0/system.hdf'.
01:38:52 INFO  : 'configparams force-mem-access 1' command is executed.
01:38:52 INFO  : Context for 'APU' is selected.
01:38:53 INFO  : 'stop' command is executed.
01:39:11 INFO  : 'ps7_init' command is executed.
01:39:12 INFO  : 'ps7_post_config' command is executed.
01:39:12 INFO  : Context for processor 'ps7_cortexa9_0' is selected.
01:39:12 ERROR : Cannot reset ARM Cortex-A9 MPCore #0. APB AP transaction error, DAP status 0xF0000021
01:39:12 INFO  : ----------------XSDB Script----------------
connect -path [list tcp::1534 tcp:190.55.44.201:3121]
source C:/Users/fede_/OneDrive/Documentos/MicroySof/contador-final-e/Sintesis/contador_ip/contador_ip/contador_ip.sdk/system_wrapper_hw_platform_0/ps7_init.tcl
targets -set -nocase -filter {name =~"APU*" && jtag_cable_name =~ "Digilent Arty Z7 003017A4C8ABA"} -index 0
loadhw -hw C:/Users/fede_/OneDrive/Documentos/MicroySof/contador-final-e/Sintesis/contador_ip/contador_ip/contador_ip.sdk/system_wrapper_hw_platform_0/system.hdf -mem-ranges [list {0x40000000 0xbfffffff}]
configparams force-mem-access 1
targets -set -nocase -filter {name =~"APU*" && jtag_cable_name =~ "Digilent Arty Z7 003017A4C8ABA"} -index 0
stop
ps7_init
ps7_post_config
targets -set -nocase -filter {name =~ "ARM*#0" && jtag_cable_name =~ "Digilent Arty Z7 003017A4C8ABA"} -index 0
rst -processor
----------------End of Script----------------

09:01:17 INFO  : Registering command handlers for SDK TCF services
09:01:19 INFO  : Launching XSCT server: xsct.bat -interactive C:\Users\fede_\OneDrive\Documentos\MicroySof\contador-final-e\Sintesis\contador_ip\contador_ip\contador_ip.sdk\temp_xsdb_launch_script.tcl
09:01:29 INFO  : XSCT server has started successfully.
09:01:43 INFO  : Processing command line option -hwspec C:/Users/fede_/OneDrive/Documentos/MicroySof/contador-final-e/Sintesis/contador_ip/contador_ip/contador_ip.sdk/system_wrapper.hdf.
09:01:43 INFO  : Successfully done setting XSCT server connection channel  
09:01:44 INFO  : Successfully done setting SDK workspace  
09:01:44 INFO  : Checking for hwspec changes in the project system_wrapper_hw_platform_0.
09:06:37 INFO  : 'targets -set -filter {jtag_cable_name =~ "Digilent Arty Z7 003017A4C8ABA" && level==0} -index 1' command is executed.
09:06:38 INFO  : 'fpga -state' command is executed.
09:06:40 INFO  : Connected through redirection to target on host '190.55.44.201' and port '3121'.
09:06:41 WARN  : SDK version '2018.1' doesn't match hw_server version '2022.1'. Some debug features may not work.
09:06:43 INFO  : Jtag cable 'Digilent Arty Z7 003017A4C8ABA' is selected.
09:06:43 INFO  : 'jtag frequency' command is executed.
09:06:43 INFO  : Sourcing of 'C:/Users/fede_/OneDrive/Documentos/MicroySof/contador-final-e/Sintesis/contador_ip/contador_ip/contador_ip.sdk/system_wrapper_hw_platform_0/ps7_init.tcl' is done.
09:06:47 ERROR : no targets found with "name =~"APU*" && jtag_cable_name =~ "Digilent Arty Z7 003017A4C8ABA"". available targets:
  1  DAP (AHB AP transaction error, DAP status 0x30000021)
  2  xc7z010
     3  Legacy Debug Hub
  4  DAP (APB AP transaction error, DAP status 0x30000021)
  5* xc7z010
     6  Legacy Debug Hub
09:06:47 INFO  : ----------------XSDB Script----------------
connect -path [list tcp::1534 tcp:190.55.44.201:3121]
source C:/Users/fede_/OneDrive/Documentos/MicroySof/contador-final-e/Sintesis/contador_ip/contador_ip/contador_ip.sdk/system_wrapper_hw_platform_0/ps7_init.tcl
targets -set -nocase -filter {name =~"APU*" && jtag_cable_name =~ "Digilent Arty Z7 003017A4C8ABA"} -index 0
----------------End of Script----------------

09:07:09 INFO  : 'targets -set -filter {jtag_cable_name =~ "Digilent Arty Z7 003017A4C81CA" && level==0} -index 1' command is executed.
09:07:09 INFO  : 'fpga -state' command is executed.
09:07:09 INFO  : Connected through redirection to target on host '190.55.44.201' and port '3121'.
09:07:09 WARN  : SDK version '2018.1' doesn't match hw_server version '2022.1'. Some debug features may not work.
09:07:11 INFO  : Jtag cable 'Digilent Arty Z7 003017A4C81CA' is selected.
09:07:11 INFO  : 'jtag frequency' command is executed.
09:07:11 INFO  : Sourcing of 'C:/Users/fede_/OneDrive/Documentos/MicroySof/contador-final-e/Sintesis/contador_ip/contador_ip/contador_ip.sdk/system_wrapper_hw_platform_0/ps7_init.tcl' is done.
09:07:15 ERROR : no targets found with "name =~"APU*" && jtag_cable_name =~ "Digilent Arty Z7 003017A4C81CA"". available targets:
  1  DAP (AHB AP transaction error, DAP status 0x30000021)
  2* xc7z010
     3  Legacy Debug Hub
  4  DAP (APB AP transaction error, DAP status 0x30000021)
  5  xc7z010
     6  Legacy Debug Hub
09:07:15 INFO  : ----------------XSDB Script----------------
connect -path [list tcp::1534 tcp:190.55.44.201:3121]
source C:/Users/fede_/OneDrive/Documentos/MicroySof/contador-final-e/Sintesis/contador_ip/contador_ip/contador_ip.sdk/system_wrapper_hw_platform_0/ps7_init.tcl
targets -set -nocase -filter {name =~"APU*" && jtag_cable_name =~ "Digilent Arty Z7 003017A4C81CA"} -index 0
----------------End of Script----------------

09:37:00 ERROR : Channel closed
09:38:47 INFO  : 'targets -set -filter {jtag_cable_name =~ "Digilent Arty Z7 003017A4C8ABA" && level==0} -index 1' command is executed.
09:38:47 INFO  : 'fpga -state' command is executed.
09:38:48 INFO  : Connected through redirection to target on host '190.55.44.201' and port '3121'.
09:38:48 WARN  : SDK version '2018.1' doesn't match hw_server version '2022.1'. Some debug features may not work.
09:38:52 INFO  : Jtag cable 'Digilent Arty Z7 003017A4C8ABA' is selected.
09:38:53 INFO  : 'jtag frequency' command is executed.
09:38:53 INFO  : Sourcing of 'C:/Users/fede_/OneDrive/Documentos/MicroySof/contador-final-e/Sintesis/contador_ip/contador_ip/contador_ip.sdk/system_wrapper_hw_platform_0/ps7_init.tcl' is done.
09:38:56 ERROR : no targets found with "name =~"APU*" && jtag_cable_name =~ "Digilent Arty Z7 003017A4C8ABA"". available targets:
  1  DAP (AHB AP transaction error, DAP status 0x30000021)
  2  xc7z010
     3  Legacy Debug Hub
  4  DAP (APB AP transaction error, DAP status 0x30000021)
  5* xc7z010
     6  Legacy Debug Hub
09:38:56 INFO  : ----------------XSDB Script----------------
connect -path [list tcp::1534 tcp:190.55.44.201:3121]
source C:/Users/fede_/OneDrive/Documentos/MicroySof/contador-final-e/Sintesis/contador_ip/contador_ip/contador_ip.sdk/system_wrapper_hw_platform_0/ps7_init.tcl
targets -set -nocase -filter {name =~"APU*" && jtag_cable_name =~ "Digilent Arty Z7 003017A4C8ABA"} -index 0
----------------End of Script----------------

09:39:17 INFO  : 'targets -set -filter {jtag_cable_name =~ "Digilent Arty Z7 003017A4C81CA" && level==0} -index 1' command is executed.
09:39:17 INFO  : 'fpga -state' command is executed.
09:39:17 INFO  : Connected through redirection to target on host '190.55.44.201' and port '3121'.
09:39:17 WARN  : SDK version '2018.1' doesn't match hw_server version '2022.1'. Some debug features may not work.
09:39:19 INFO  : Jtag cable 'Digilent Arty Z7 003017A4C81CA' is selected.
09:39:19 INFO  : 'jtag frequency' command is executed.
09:39:19 INFO  : Sourcing of 'C:/Users/fede_/OneDrive/Documentos/MicroySof/contador-final-e/Sintesis/contador_ip/contador_ip/contador_ip.sdk/system_wrapper_hw_platform_0/ps7_init.tcl' is done.
09:39:22 ERROR : no targets found with "name =~"APU*" && jtag_cable_name =~ "Digilent Arty Z7 003017A4C81CA"". available targets:
  1  DAP (AHB AP transaction error, DAP status 0x30000021)
  2* xc7z010
     3  Legacy Debug Hub
  4  DAP (APB AP transaction error, DAP status 0x30000021)
  5  xc7z010
     6  Legacy Debug Hub
09:39:22 INFO  : ----------------XSDB Script----------------
connect -path [list tcp::1534 tcp:190.55.44.201:3121]
source C:/Users/fede_/OneDrive/Documentos/MicroySof/contador-final-e/Sintesis/contador_ip/contador_ip/contador_ip.sdk/system_wrapper_hw_platform_0/ps7_init.tcl
targets -set -nocase -filter {name =~"APU*" && jtag_cable_name =~ "Digilent Arty Z7 003017A4C81CA"} -index 0
----------------End of Script----------------

10:28:18 INFO  : 'targets -set -filter {jtag_cable_name =~ "Digilent Arty Z7 003017A4C81CA" && level==0} -index 1' command is executed.
10:28:19 INFO  : 'fpga -state' command is executed.
10:28:21 INFO  : Connected through redirection to target on host '190.55.44.201' and port '3121'.
10:28:21 WARN  : SDK version '2018.1' doesn't match hw_server version '2022.1'. Some debug features may not work.
10:28:23 INFO  : Jtag cable 'Digilent Arty Z7 003017A4C81CA' is selected.
10:28:23 INFO  : 'jtag frequency' command is executed.
10:28:23 INFO  : Sourcing of 'C:/Users/fede_/OneDrive/Documentos/MicroySof/contador-final-e/Sintesis/contador_ip/contador_ip/contador_ip.sdk/system_wrapper_hw_platform_0/ps7_init.tcl' is done.
10:28:27 ERROR : no targets found with "name =~"APU*" && jtag_cable_name =~ "Digilent Arty Z7 003017A4C81CA"". available targets:
  1  DAP (AHB AP transaction error, DAP status 0x30000021)
  2* xc7z010
     3  Legacy Debug Hub
  4  DAP (APB AP transaction error, DAP status 0x30000021)
  5  xc7z010
     6  Legacy Debug Hub
10:28:27 INFO  : ----------------XSDB Script----------------
connect -path [list tcp::1534 tcp:190.55.44.201:3121]
source C:/Users/fede_/OneDrive/Documentos/MicroySof/contador-final-e/Sintesis/contador_ip/contador_ip/contador_ip.sdk/system_wrapper_hw_platform_0/ps7_init.tcl
targets -set -nocase -filter {name =~"APU*" && jtag_cable_name =~ "Digilent Arty Z7 003017A4C81CA"} -index 0
----------------End of Script----------------

10:29:04 INFO  : 'targets -set -filter {jtag_cable_name =~ "Digilent Arty Z7 003017A4C8ABA" && level==0} -index 1' command is executed.
10:29:04 INFO  : 'fpga -state' command is executed.
10:29:04 INFO  : Connected through redirection to target on host '190.55.44.201' and port '3121'.
10:29:04 WARN  : SDK version '2018.1' doesn't match hw_server version '2022.1'. Some debug features may not work.
10:29:06 INFO  : Jtag cable 'Digilent Arty Z7 003017A4C8ABA' is selected.
10:29:06 INFO  : 'jtag frequency' command is executed.
10:29:06 INFO  : Sourcing of 'C:/Users/fede_/OneDrive/Documentos/MicroySof/contador-final-e/Sintesis/contador_ip/contador_ip/contador_ip.sdk/system_wrapper_hw_platform_0/ps7_init.tcl' is done.
10:29:09 ERROR : no targets found with "name =~"APU*" && jtag_cable_name =~ "Digilent Arty Z7 003017A4C8ABA"". available targets:
  1  DAP (AHB AP transaction error, DAP status 0x30000021)
  2  xc7z010
     3  Legacy Debug Hub
  4  DAP (APB AP transaction error, DAP status 0x30000021)
  5* xc7z010
     6  Legacy Debug Hub
10:29:09 INFO  : ----------------XSDB Script----------------
connect -path [list tcp::1534 tcp:190.55.44.201:3121]
source C:/Users/fede_/OneDrive/Documentos/MicroySof/contador-final-e/Sintesis/contador_ip/contador_ip/contador_ip.sdk/system_wrapper_hw_platform_0/ps7_init.tcl
targets -set -nocase -filter {name =~"APU*" && jtag_cable_name =~ "Digilent Arty Z7 003017A4C8ABA"} -index 0
----------------End of Script----------------

10:55:09 INFO  : Connected to target on host '190.55.44.201' and port '3121'.
10:55:16 INFO  : Connected to target on host '190.55.44.201' and port '3121'.
10:55:24 INFO  : 'targets -set -filter {jtag_cable_name =~ "Digilent Arty Z7 003017A4C8ABA" && level==0} -index 1' command is executed.
10:55:24 INFO  : 'fpga -state' command is executed.
10:55:24 INFO  : Connected through redirection to target on host '190.55.44.201' and port '3121'.
10:55:24 WARN  : SDK version '2018.1' doesn't match hw_server version '2022.1'. Some debug features may not work.
10:55:25 INFO  : Jtag cable 'Digilent Arty Z7 003017A4C8ABA' is selected.
10:55:25 INFO  : 'jtag frequency' command is executed.
10:55:25 INFO  : Sourcing of 'C:/Users/fede_/OneDrive/Documentos/MicroySof/contador-final-e/Sintesis/contador_ip/contador_ip/contador_ip.sdk/system_wrapper_hw_platform_0/ps7_init.tcl' is done.
10:55:28 ERROR : no targets found with "name =~"APU*" && jtag_cable_name =~ "Digilent Arty Z7 003017A4C8ABA"". available targets:
  1  DAP (AHB AP transaction error, DAP status 0x30000021)
  2  xc7z010
     3  Legacy Debug Hub
  4  DAP (APB AP transaction error, DAP status 0x30000021)
  5* xc7z010
     6  Legacy Debug Hub
10:55:28 INFO  : ----------------XSDB Script----------------
connect -path [list tcp::1534 tcp:190.55.44.201:3121]
source C:/Users/fede_/OneDrive/Documentos/MicroySof/contador-final-e/Sintesis/contador_ip/contador_ip/contador_ip.sdk/system_wrapper_hw_platform_0/ps7_init.tcl
targets -set -nocase -filter {name =~"APU*" && jtag_cable_name =~ "Digilent Arty Z7 003017A4C8ABA"} -index 0
----------------End of Script----------------

11:39:59 INFO  : 'targets -set -filter {jtag_cable_name =~ "Digilent Arty Z7 003017A4C81CA" && level==0} -index 1' command is executed.
11:39:59 INFO  : 'fpga -state' command is executed.
11:39:59 INFO  : Connected through redirection to target on host '190.55.44.201' and port '3121'.
11:39:59 WARN  : SDK version '2018.1' doesn't match hw_server version '2022.1'. Some debug features may not work.
11:40:01 INFO  : Jtag cable 'Digilent Arty Z7 003017A4C81CA' is selected.
11:40:01 INFO  : 'jtag frequency' command is executed.
11:40:01 INFO  : Sourcing of 'C:/Users/fede_/OneDrive/Documentos/MicroySof/contador-final-e/Sintesis/contador_ip/contador_ip/contador_ip.sdk/system_wrapper_hw_platform_0/ps7_init.tcl' is done.
11:40:04 ERROR : no targets found with "name =~"APU*" && jtag_cable_name =~ "Digilent Arty Z7 003017A4C81CA"". available targets:
  1  DAP (AHB AP transaction error, DAP status 0x30000021)
  2* xc7z010
     3  Legacy Debug Hub
  4  DAP (APB AP transaction error, DAP status 0x30000021)
  5  xc7z010
     6  Legacy Debug Hub
11:40:04 INFO  : ----------------XSDB Script----------------
connect -path [list tcp::1534 tcp:190.55.44.201:3121]
source C:/Users/fede_/OneDrive/Documentos/MicroySof/contador-final-e/Sintesis/contador_ip/contador_ip/contador_ip.sdk/system_wrapper_hw_platform_0/ps7_init.tcl
targets -set -nocase -filter {name =~"APU*" && jtag_cable_name =~ "Digilent Arty Z7 003017A4C81CA"} -index 0
----------------End of Script----------------

11:40:46 INFO  : 'targets -set -filter {jtag_cable_name =~ "Digilent Arty Z7 003017A4C8ABA" && level==0} -index 1' command is executed.
11:40:46 INFO  : 'fpga -state' command is executed.
11:40:46 INFO  : Connected through redirection to target on host '190.55.44.201' and port '3121'.
11:40:46 WARN  : SDK version '2018.1' doesn't match hw_server version '2022.1'. Some debug features may not work.
11:40:47 INFO  : Jtag cable 'Digilent Arty Z7 003017A4C8ABA' is selected.
11:40:47 INFO  : 'jtag frequency' command is executed.
11:40:47 INFO  : Sourcing of 'C:/Users/fede_/OneDrive/Documentos/MicroySof/contador-final-e/Sintesis/contador_ip/contador_ip/contador_ip.sdk/system_wrapper_hw_platform_0/ps7_init.tcl' is done.
11:40:51 ERROR : no targets found with "name =~"APU*" && jtag_cable_name =~ "Digilent Arty Z7 003017A4C8ABA"". available targets:
  1  DAP (AHB AP transaction error, DAP status 0x30000021)
  2  xc7z010
     3  Legacy Debug Hub
  4  DAP (APB AP transaction error, DAP status 0x30000021)
  5* xc7z010
     6  Legacy Debug Hub
11:40:51 INFO  : ----------------XSDB Script----------------
connect -path [list tcp::1534 tcp:190.55.44.201:3121]
source C:/Users/fede_/OneDrive/Documentos/MicroySof/contador-final-e/Sintesis/contador_ip/contador_ip/contador_ip.sdk/system_wrapper_hw_platform_0/ps7_init.tcl
targets -set -nocase -filter {name =~"APU*" && jtag_cable_name =~ "Digilent Arty Z7 003017A4C8ABA"} -index 0
----------------End of Script----------------

13:11:09 INFO  : 'targets -set -filter {jtag_cable_name =~ "Digilent Arty Z7 003017A4C8ABA" && level==0} -index 1' command is executed.
13:11:09 INFO  : 'fpga -state' command is executed.
13:11:09 INFO  : Connected through redirection to target on host '190.55.44.201' and port '3121'.
13:11:09 WARN  : SDK version '2018.1' doesn't match hw_server version '2022.1'. Some debug features may not work.
13:11:11 INFO  : Jtag cable 'Digilent Arty Z7 003017A4C8ABA' is selected.
13:11:11 INFO  : 'jtag frequency' command is executed.
13:11:11 INFO  : Sourcing of 'C:/Users/fede_/OneDrive/Documentos/MicroySof/contador-final-e/Sintesis/contador_ip/contador_ip/contador_ip.sdk/system_wrapper_hw_platform_0/ps7_init.tcl' is done.
13:11:14 ERROR : no targets found with "name =~"APU*" && jtag_cable_name =~ "Digilent Arty Z7 003017A4C8ABA"". available targets:
  1  DAP (AHB AP transaction error, DAP status 0x30000021)
  2  xc7z010
     3  Legacy Debug Hub
  4  DAP (APB AP transaction error, DAP status 0x30000021)
  5* xc7z010
     6  Legacy Debug Hub
13:11:14 INFO  : ----------------XSDB Script----------------
connect -path [list tcp::1534 tcp:190.55.44.201:3121]
source C:/Users/fede_/OneDrive/Documentos/MicroySof/contador-final-e/Sintesis/contador_ip/contador_ip/contador_ip.sdk/system_wrapper_hw_platform_0/ps7_init.tcl
targets -set -nocase -filter {name =~"APU*" && jtag_cable_name =~ "Digilent Arty Z7 003017A4C8ABA"} -index 0
----------------End of Script----------------

13:11:28 INFO  : 'targets -set -filter {jtag_cable_name =~ "Digilent Arty Z7 003017A4C81CA" && level==0} -index 1' command is executed.
13:11:28 INFO  : 'fpga -state' command is executed.
13:11:28 INFO  : Connected through redirection to target on host '190.55.44.201' and port '3121'.
13:11:28 WARN  : SDK version '2018.1' doesn't match hw_server version '2022.1'. Some debug features may not work.
13:11:30 INFO  : Jtag cable 'Digilent Arty Z7 003017A4C81CA' is selected.
13:11:30 INFO  : 'jtag frequency' command is executed.
13:11:30 INFO  : Sourcing of 'C:/Users/fede_/OneDrive/Documentos/MicroySof/contador-final-e/Sintesis/contador_ip/contador_ip/contador_ip.sdk/system_wrapper_hw_platform_0/ps7_init.tcl' is done.
13:11:34 ERROR : no targets found with "name =~"APU*" && jtag_cable_name =~ "Digilent Arty Z7 003017A4C81CA"". available targets:
  1  DAP (AHB AP transaction error, DAP status 0x30000021)
  2* xc7z010
     3  Legacy Debug Hub
  4  DAP (APB AP transaction error, DAP status 0x30000021)
  5  xc7z010
     6  Legacy Debug Hub
13:11:34 INFO  : ----------------XSDB Script----------------
connect -path [list tcp::1534 tcp:190.55.44.201:3121]
source C:/Users/fede_/OneDrive/Documentos/MicroySof/contador-final-e/Sintesis/contador_ip/contador_ip/contador_ip.sdk/system_wrapper_hw_platform_0/ps7_init.tcl
targets -set -nocase -filter {name =~"APU*" && jtag_cable_name =~ "Digilent Arty Z7 003017A4C81CA"} -index 0
----------------End of Script----------------

14:19:22 INFO  : Registering command handlers for SDK TCF services
14:19:23 INFO  : Launching XSCT server: xsct.bat -interactive C:\Users\fede_\OneDrive\Documentos\MicroySof\contador-final-e\Sintesis\contador_ip\contador_ip\contador_ip.sdk\temp_xsdb_launch_script.tcl
14:19:30 INFO  : XSCT server has started successfully.
14:19:31 INFO  : Successfully done setting XSCT server connection channel  
14:19:33 INFO  : Successfully done setting SDK workspace  
14:19:33 INFO  : Processing command line option -hwspec C:/Users/fede_/OneDrive/Documentos/MicroySof/contador-final-e/Sintesis/contador_ip/contador_ip/contador_ip.sdk/system_wrapper.hdf.
14:19:33 INFO  : Checking for hwspec changes in the project system_wrapper_hw_platform_0.
14:20:24 INFO  : 'targets -set -filter {jtag_cable_name =~ "Digilent Arty Z7 003017A4C81CA" && level==0} -index 1' command is executed.
14:20:24 INFO  : 'fpga -state' command is executed.
14:20:27 INFO  : Connected through redirection to target on host '190.55.44.201' and port '3121'.
14:20:31 WARN  : SDK version '2018.1' doesn't match hw_server version '2022.1'. Some debug features may not work.
14:20:33 INFO  : Jtag cable 'Digilent Arty Z7 003017A4C81CA' is selected.
14:20:33 INFO  : 'jtag frequency' command is executed.
14:20:33 INFO  : Sourcing of 'C:/Users/fede_/OneDrive/Documentos/MicroySof/contador-final-e/Sintesis/contador_ip/contador_ip/contador_ip.sdk/system_wrapper_hw_platform_0/ps7_init.tcl' is done.
14:20:36 ERROR : no targets found with "name =~"APU*" && jtag_cable_name =~ "Digilent Arty Z7 003017A4C81CA"". available targets:
  1  DAP (AHB AP transaction error, DAP status 0x30000021)
  2* xc7z010
     3  Legacy Debug Hub
  4  DAP (APB AP transaction error, DAP status 0x30000021)
  5  xc7z010
     6  Legacy Debug Hub
14:20:36 INFO  : ----------------XSDB Script----------------
connect -path [list tcp::1541 tcp:190.55.44.201:3121]
source C:/Users/fede_/OneDrive/Documentos/MicroySof/contador-final-e/Sintesis/contador_ip/contador_ip/contador_ip.sdk/system_wrapper_hw_platform_0/ps7_init.tcl
targets -set -nocase -filter {name =~"APU*" && jtag_cable_name =~ "Digilent Arty Z7 003017A4C81CA"} -index 0
----------------End of Script----------------

14:21:02 INFO  : 'targets -set -filter {jtag_cable_name =~ "Digilent Arty Z7 003017A4C81CA" && level==0} -index 1' command is executed.
14:21:02 INFO  : 'fpga -state' command is executed.
14:21:02 INFO  : Connected through redirection to target on host '190.55.44.201' and port '3121'.
14:21:02 WARN  : SDK version '2018.1' doesn't match hw_server version '2022.1'. Some debug features may not work.
14:21:04 INFO  : Jtag cable 'Digilent Arty Z7 003017A4C81CA' is selected.
14:21:04 INFO  : 'jtag frequency' command is executed.
14:21:04 INFO  : Sourcing of 'C:/Users/fede_/OneDrive/Documentos/MicroySof/contador-final-e/Sintesis/contador_ip/contador_ip/contador_ip.sdk/system_wrapper_hw_platform_0/ps7_init.tcl' is done.
14:21:07 ERROR : no targets found with "name =~"APU*" && jtag_cable_name =~ "Digilent Arty Z7 003017A4C81CA"". available targets:
  1  DAP (AHB AP transaction error, DAP status 0x30000021)
  2* xc7z010
     3  Legacy Debug Hub
  4  DAP (APB AP transaction error, DAP status 0x30000021)
  5  xc7z010
     6  Legacy Debug Hub
14:21:07 INFO  : ----------------XSDB Script----------------
connect -path [list tcp::1541 tcp:190.55.44.201:3121]
source C:/Users/fede_/OneDrive/Documentos/MicroySof/contador-final-e/Sintesis/contador_ip/contador_ip/contador_ip.sdk/system_wrapper_hw_platform_0/ps7_init.tcl
targets -set -nocase -filter {name =~"APU*" && jtag_cable_name =~ "Digilent Arty Z7 003017A4C81CA"} -index 0
----------------End of Script----------------

15:01:33 INFO  : 'targets -set -filter {jtag_cable_name =~ "Digilent Arty Z7 003017A4C81CA" && level==0} -index 1' command is executed.
15:01:34 INFO  : 'fpga -state' command is executed.
15:01:38 INFO  : Connected through redirection to target on host '190.55.44.201' and port '3121'.
15:01:38 WARN  : SDK version '2018.1' doesn't match hw_server version '2022.1'. Some debug features may not work.
15:01:40 INFO  : Jtag cable 'Digilent Arty Z7 003017A4C81CA' is selected.
15:01:40 INFO  : 'jtag frequency' command is executed.
15:01:40 INFO  : Sourcing of 'C:/Users/fede_/OneDrive/Documentos/MicroySof/contador-final-e/Sintesis/contador_ip/contador_ip/contador_ip.sdk/system_wrapper_hw_platform_0/ps7_init.tcl' is done.
15:01:40 INFO  : Context for 'APU' is selected.
15:01:40 INFO  : Hardware design information is loaded from 'C:/Users/fede_/OneDrive/Documentos/MicroySof/contador-final-e/Sintesis/contador_ip/contador_ip/contador_ip.sdk/system_wrapper_hw_platform_0/system.hdf'.
15:01:40 INFO  : 'configparams force-mem-access 1' command is executed.
15:01:40 INFO  : Context for 'APU' is selected.
15:01:41 INFO  : 'stop' command is executed.
15:02:00 INFO  : 'ps7_init' command is executed.
15:02:00 INFO  : 'ps7_post_config' command is executed.
15:02:01 INFO  : Context for processor 'ps7_cortexa9_0' is selected.
15:02:01 INFO  : Processor reset is completed for 'ps7_cortexa9_0'.
15:02:01 INFO  : Context for processor 'ps7_cortexa9_0' is selected.
15:02:02 INFO  : The application 'C:/Users/fede_/OneDrive/Documentos/MicroySof/contador-final-e/Sintesis/contador_ip/contador_ip/contador_ip.sdk/cont_ip/Debug/cont_ip.elf' is downloaded to processor 'ps7_cortexa9_0'.
15:02:02 INFO  : 'configparams force-mem-access 0' command is executed.
15:02:02 INFO  : ----------------XSDB Script----------------
connect -path [list tcp::1541 tcp:190.55.44.201:3121]
source C:/Users/fede_/OneDrive/Documentos/MicroySof/contador-final-e/Sintesis/contador_ip/contador_ip/contador_ip.sdk/system_wrapper_hw_platform_0/ps7_init.tcl
targets -set -nocase -filter {name =~"APU*" && jtag_cable_name =~ "Digilent Arty Z7 003017A4C81CA"} -index 0
loadhw -hw C:/Users/fede_/OneDrive/Documentos/MicroySof/contador-final-e/Sintesis/contador_ip/contador_ip/contador_ip.sdk/system_wrapper_hw_platform_0/system.hdf -mem-ranges [list {0x40000000 0xbfffffff}]
configparams force-mem-access 1
targets -set -nocase -filter {name =~"APU*" && jtag_cable_name =~ "Digilent Arty Z7 003017A4C81CA"} -index 0
stop
ps7_init
ps7_post_config
targets -set -nocase -filter {name =~ "ARM*#0" && jtag_cable_name =~ "Digilent Arty Z7 003017A4C81CA"} -index 0
rst -processor
targets -set -nocase -filter {name =~ "ARM*#0" && jtag_cable_name =~ "Digilent Arty Z7 003017A4C81CA"} -index 0
dow C:/Users/fede_/OneDrive/Documentos/MicroySof/contador-final-e/Sintesis/contador_ip/contador_ip/contador_ip.sdk/cont_ip/Debug/cont_ip.elf
configparams force-mem-access 0
----------------End of Script----------------

15:02:03 INFO  : Memory regions updated for context APU
15:02:03 INFO  : Context for processor 'ps7_cortexa9_0' is selected.
15:02:03 INFO  : 'con' command is executed.
15:02:03 INFO  : ----------------XSDB Script (After Launch)----------------
targets -set -nocase -filter {name =~ "ARM*#0" && jtag_cable_name =~ "Digilent Arty Z7 003017A4C81CA"} -index 0
con
----------------End of Script----------------

15:02:03 INFO  : Launch script is exported to file 'C:\Users\fede_\OneDrive\Documentos\MicroySof\contador-final-e\Sintesis\contador_ip\contador_ip\contador_ip.sdk\.sdk\launch_scripts\xilinx_c-c++_application_(system_debugger)\system_debugger_using_debug_cont_ip.elf_on_local_(1).tcl'
15:03:24 INFO  : Disconnected from the channel tcfchan#2.
15:03:26 INFO  : 'targets -set -filter {jtag_cable_name =~ "Digilent Arty Z7 003017A4C81CA" && level==0} -index 1' command is executed.
15:03:26 INFO  : 'fpga -state' command is executed.
15:03:27 INFO  : Connected through redirection to target on host '190.55.44.201' and port '3121'.
15:03:28 WARN  : SDK version '2018.1' doesn't match hw_server version '2022.1'. Some debug features may not work.
15:03:30 INFO  : Jtag cable 'Digilent Arty Z7 003017A4C81CA' is selected.
15:03:30 INFO  : 'jtag frequency' command is executed.
15:03:30 INFO  : Sourcing of 'C:/Users/fede_/OneDrive/Documentos/MicroySof/contador-final-e/Sintesis/contador_ip/contador_ip/contador_ip.sdk/system_wrapper_hw_platform_0/ps7_init.tcl' is done.
15:03:31 INFO  : Context for 'APU' is selected.
15:03:35 INFO  : Hardware design information is loaded from 'C:/Users/fede_/OneDrive/Documentos/MicroySof/contador-final-e/Sintesis/contador_ip/contador_ip/contador_ip.sdk/system_wrapper_hw_platform_0/system.hdf'.
15:03:35 INFO  : 'configparams force-mem-access 1' command is executed.
15:03:35 INFO  : Context for 'APU' is selected.
15:03:35 INFO  : 'stop' command is executed.
15:03:55 INFO  : 'ps7_init' command is executed.
15:03:55 INFO  : 'ps7_post_config' command is executed.
15:03:55 INFO  : Context for processor 'ps7_cortexa9_0' is selected.
15:03:56 INFO  : Processor reset is completed for 'ps7_cortexa9_0'.
15:03:56 INFO  : Context for processor 'ps7_cortexa9_0' is selected.
15:03:57 INFO  : The application 'C:/Users/fede_/OneDrive/Documentos/MicroySof/contador-final-e/Sintesis/contador_ip/contador_ip/contador_ip.sdk/cont_ip/Debug/cont_ip.elf' is downloaded to processor 'ps7_cortexa9_0'.
15:03:57 INFO  : 'configparams force-mem-access 0' command is executed.
15:03:57 INFO  : ----------------XSDB Script----------------
connect -path [list tcp::1541 tcp:190.55.44.201:3121]
source C:/Users/fede_/OneDrive/Documentos/MicroySof/contador-final-e/Sintesis/contador_ip/contador_ip/contador_ip.sdk/system_wrapper_hw_platform_0/ps7_init.tcl
targets -set -nocase -filter {name =~"APU*" && jtag_cable_name =~ "Digilent Arty Z7 003017A4C81CA"} -index 0
loadhw -hw C:/Users/fede_/OneDrive/Documentos/MicroySof/contador-final-e/Sintesis/contador_ip/contador_ip/contador_ip.sdk/system_wrapper_hw_platform_0/system.hdf -mem-ranges [list {0x40000000 0xbfffffff}]
configparams force-mem-access 1
targets -set -nocase -filter {name =~"APU*" && jtag_cable_name =~ "Digilent Arty Z7 003017A4C81CA"} -index 0
stop
ps7_init
ps7_post_config
targets -set -nocase -filter {name =~ "ARM*#0" && jtag_cable_name =~ "Digilent Arty Z7 003017A4C81CA"} -index 0
rst -processor
targets -set -nocase -filter {name =~ "ARM*#0" && jtag_cable_name =~ "Digilent Arty Z7 003017A4C81CA"} -index 0
dow C:/Users/fede_/OneDrive/Documentos/MicroySof/contador-final-e/Sintesis/contador_ip/contador_ip/contador_ip.sdk/cont_ip/Debug/cont_ip.elf
configparams force-mem-access 0
----------------End of Script----------------

15:03:57 INFO  : Memory regions updated for context APU
15:03:57 INFO  : Context for processor 'ps7_cortexa9_0' is selected.
15:03:58 INFO  : 'con' command is executed.
15:03:58 INFO  : ----------------XSDB Script (After Launch)----------------
targets -set -nocase -filter {name =~ "ARM*#0" && jtag_cable_name =~ "Digilent Arty Z7 003017A4C81CA"} -index 0
con
----------------End of Script----------------

15:03:58 INFO  : Launch script is exported to file 'C:\Users\fede_\OneDrive\Documentos\MicroySof\contador-final-e\Sintesis\contador_ip\contador_ip\contador_ip.sdk\.sdk\launch_scripts\xilinx_c-c++_application_(system_debugger)\system_debugger_using_debug_cont_ip.elf_on_local_(1).tcl'
15:18:12 INFO  : Disconnected from the channel tcfchan#3.
