#-----------------------------------------------------------
# Vivado v2018.1 (64-bit)
# SW Build 2188600 on Wed Apr  4 18:40:38 MDT 2018
# IP Build 2185939 on Wed Apr  4 20:55:05 MDT 2018
# Start of session at: Tue Oct 11 08:56:58 2022
# Process ID: 7532
# Current directory: C:/Users/fede_/OneDrive/Documentos/MicroySof/contador-final-e/Sintesis/contador_ip/contador_ip
# Command line: vivado.exe -gui_launcher_event rodinguilauncherevent8072 C:\Users\fede_\OneDrive\Documentos\MicroySof\contador-final-e\Sintesis\contador_ip\contador_ip\contador_ip.xpr
# Log file: C:/Users/fede_/OneDrive/Documentos/MicroySof/contador-final-e/Sintesis/contador_ip/contador_ip/vivado.log
# Journal file: C:/Users/fede_/OneDrive/Documentos/MicroySof/contador-final-e/Sintesis/contador_ip/contador_ip\vivado.jou
#-----------------------------------------------------------
start_gui
open_project C:/Users/fede_/OneDrive/Documentos/MicroySof/contador-final-e/Sintesis/contador_ip/contador_ip/contador_ip.xpr
INFO: [ProjectBase 1-489] The host OS only allows 260 characters in a normal path. The project is stored in a path with more than 80 characters. If you experience issues with IP, Block Designs, or files not being found, please consider moving the project to a location with a shorter path. Alternately consider using the OS subst command to map part of the path to a drive letter.
Current project path is 'C:/Users/fede_/OneDrive/Documentos/MicroySof/contador-final-e/Sintesis/contador_ip/contador_ip'
Scanning sources...
Finished scanning sources
INFO: [IP_Flow 19-234] Refreshing IP repositories
INFO: [IP_Flow 19-1700] Loaded user IP repository 'c:/Users/fede_/OneDrive/Documentos/MicroySof/contador-final-e/Repositorio_ip'.
INFO: [IP_Flow 19-2313] Loaded Vivado IP repository 'C:/Xilinx/Vivado/2018.1/data/ip'.
open_project: Time (s): cpu = 00:00:32 ; elapsed = 00:00:51 . Memory (MB): peak = 785.629 ; gain = 107.871
update_compile_order -fileset sources_1
open_bd_design {C:/Users/fede_/OneDrive/Documentos/MicroySof/contador-final-e/Sintesis/contador_ip/contador_ip/contador_ip.srcs/sources_1/bd/system/system.bd}
Adding cell -- xilinx.com:ip:processing_system7:5.5 - processing_system7_0
Adding cell -- xilinx.com:user:cont_ip:1.0 - cont_ip_0
Adding cell -- xilinx.com:ip:proc_sys_reset:5.0 - rst_ps7_0_100M
Adding cell -- xilinx.com:ip:vio:3.0 - vio_0
Adding cell -- xilinx.com:ip:clk_wiz:6.0 - clk_wiz
Adding cell -- xilinx.com:ip:axi_protocol_converter:2.1 - auto_pc
Successfully read diagram <system> from BD file <C:/Users/fede_/OneDrive/Documentos/MicroySof/contador-final-e/Sintesis/contador_ip/contador_ip/contador_ip.srcs/sources_1/bd/system/system.bd>
open_bd_design: Time (s): cpu = 00:00:18 ; elapsed = 00:00:25 . Memory (MB): peak = 885.379 ; gain = 81.070
launch_sdk -workspace C:/Users/fede_/OneDrive/Documentos/MicroySof/contador-final-e/Sintesis/contador_ip/contador_ip/contador_ip.sdk -hwspec C:/Users/fede_/OneDrive/Documentos/MicroySof/contador-final-e/Sintesis/contador_ip/contador_ip/contador_ip.sdk/system_wrapper.hdf
INFO: [Vivado 12-393] Launching SDK...
INFO: [Vivado 12-417] Running xsdk -workspace C:/Users/fede_/OneDrive/Documentos/MicroySof/contador-final-e/Sintesis/contador_ip/contador_ip/contador_ip.sdk -hwspec C:/Users/fede_/OneDrive/Documentos/MicroySof/contador-final-e/Sintesis/contador_ip/contador_ip/contador_ip.sdk/system_wrapper.hdf
INFO: [Vivado 12-3157] SDK launch initiated. Please check console for any further messages.
CRITICAL WARNING: [PSU-1]  Parameter : PCW_UIPARAM_DDR_DQS_TO_CLK_DELAY_2 has negative value -0.009 . PS DDR interfaces might fail when entering negative DQS skew values. 
CRITICAL WARNING: [PSU-2]  Parameter : PCW_UIPARAM_DDR_DQS_TO_CLK_DELAY_3 has negative value -0.033 . PS DDR interfaces might fail when entering negative DQS skew values. 
CRITICAL WARNING: [PSU-1]  Parameter : PCW_UIPARAM_DDR_DQS_TO_CLK_DELAY_2 has negative value -0.009 . PS DDR interfaces might fail when entering negative DQS skew values. 
CRITICAL WARNING: [PSU-2]  Parameter : PCW_UIPARAM_DDR_DQS_TO_CLK_DELAY_3 has negative value -0.033 . PS DDR interfaces might fail when entering negative DQS skew values. 
WARNING: [IP_Flow 19-474] Invalid Parameter 'Component_Name'
exit
INFO: [Common 17-206] Exiting Vivado at Tue Oct 11 13:21:47 2022...
