#-----------------------------------------------------------
# Vivado v2018.1 (64-bit)
# SW Build 2188600 on Wed Apr  4 18:40:38 MDT 2018
# IP Build 2185939 on Wed Apr  4 20:55:05 MDT 2018
# Start of session at: Tue Oct 11 14:15:56 2022
# Process ID: 2932
# Current directory: C:/Users/fede_/OneDrive/Documentos/MicroySof/contador-final-e/Sintesis/contador_ip/contador_ip
# Command line: vivado.exe -gui_launcher_event rodinguilauncherevent6232 C:\Users\fede_\OneDrive\Documentos\MicroySof\contador-final-e\Sintesis\contador_ip\contador_ip\contador_ip.xpr
# Log file: C:/Users/fede_/OneDrive/Documentos/MicroySof/contador-final-e/Sintesis/contador_ip/contador_ip/vivado.log
# Journal file: C:/Users/fede_/OneDrive/Documentos/MicroySof/contador-final-e/Sintesis/contador_ip/contador_ip\vivado.jou
#-----------------------------------------------------------
start_gui
open_project C:/Users/fede_/OneDrive/Documentos/MicroySof/contador-final-e/Sintesis/contador_ip/contador_ip/contador_ip.xpr
INFO: [ProjectBase 1-489] The host OS only allows 260 characters in a normal path. The project is stored in a path with more than 80 characters. If you experience issues with IP, Block Designs, or files not being found, please consider moving the project to a location with a shorter path. Alternately consider using the OS subst command to map part of the path to a drive letter.
Current project path is 'C:/Users/fede_/OneDrive/Documentos/MicroySof/contador-final-e/Sintesis/contador_ip/contador_ip'
Scanning sources...
Finished scanning sources
INFO: [IP_Flow 19-234] Refreshing IP repositories
INFO: [IP_Flow 19-1700] Loaded user IP repository 'c:/Users/fede_/OneDrive/Documentos/MicroySof/contador-final-e/Repositorio_ip'.
INFO: [IP_Flow 19-2313] Loaded Vivado IP repository 'C:/Xilinx/Vivado/2018.1/data/ip'.
open_project: Time (s): cpu = 00:00:30 ; elapsed = 00:00:29 . Memory (MB): peak = 826.438 ; gain = 95.152
update_compile_order -fileset sources_1
open_bd_design {C:/Users/fede_/OneDrive/Documentos/MicroySof/contador-final-e/Sintesis/contador_ip/contador_ip/contador_ip.srcs/sources_1/bd/system/system.bd}
Adding cell -- xilinx.com:ip:processing_system7:5.5 - processing_system7_0
Adding cell -- xilinx.com:user:cont_ip:1.0 - cont_ip_0
Adding cell -- xilinx.com:ip:proc_sys_reset:5.0 - rst_ps7_0_100M
Adding cell -- xilinx.com:ip:vio:3.0 - vio_0
Adding cell -- xilinx.com:ip:clk_wiz:6.0 - clk_wiz
Adding cell -- xilinx.com:ip:axi_protocol_converter:2.1 - auto_pc
Successfully read diagram <system> from BD file <C:/Users/fede_/OneDrive/Documentos/MicroySof/contador-final-e/Sintesis/contador_ip/contador_ip/contador_ip.srcs/sources_1/bd/system/system.bd>
open_bd_design: Time (s): cpu = 00:00:17 ; elapsed = 00:00:18 . Memory (MB): peak = 932.711 ; gain = 77.395
launch_sdk -workspace C:/Users/fede_/OneDrive/Documentos/MicroySof/contador-final-e/Sintesis/contador_ip/contador_ip/contador_ip.sdk -hwspec C:/Users/fede_/OneDrive/Documentos/MicroySof/contador-final-e/Sintesis/contador_ip/contador_ip/contador_ip.sdk/system_wrapper.hdf
INFO: [Vivado 12-393] Launching SDK...
INFO: [Vivado 12-417] Running xsdk -workspace C:/Users/fede_/OneDrive/Documentos/MicroySof/contador-final-e/Sintesis/contador_ip/contador_ip/contador_ip.sdk -hwspec C:/Users/fede_/OneDrive/Documentos/MicroySof/contador-final-e/Sintesis/contador_ip/contador_ip/contador_ip.sdk/system_wrapper.hdf
INFO: [Vivado 12-3157] SDK launch initiated. Please check console for any further messages.
open_hw
INFO: [Labtools 27-2285] Connecting to hw_server url TCP:190.55.44.201:3121
disconnect_hw_server: Time (s): cpu = 00:00:06 ; elapsed = 00:00:07 . Memory (MB): peak = 1584.078 ; gain = 632.820
connect_hw_server -url 190.55.44.201:3121
INFO: [Labtools 27-2285] Connecting to hw_server url TCP:190.55.44.201:3121
current_hw_target [get_hw_targets */xilinx_tcf/Digilent/003017A4C81CA]
set_property PARAM.FREQUENCY 15000000 [get_hw_targets */xilinx_tcf/Digilent/003017A4C81CA]
open_hw_target
INFO: [Labtoolstcl 44-466] Opening hw_target 190.55.44.201:3121/xilinx_tcf/Digilent/003017A4C81CA
set_property PROGRAM.FILE {C:/Users/fede_/OneDrive/Documentos/MicroySof/contador-final-e/Sintesis/contador_ip/contador_ip/contador_ip.runs/impl_1/system_wrapper.bit} [get_hw_devices xc7z010_1]
set_property PROBES.FILE {C:/Users/fede_/OneDrive/Documentos/MicroySof/contador-final-e/Sintesis/contador_ip/contador_ip/contador_ip.runs/impl_1/system_wrapper.ltx} [get_hw_devices xc7z010_1]
set_property FULL_PROBES.FILE {C:/Users/fede_/OneDrive/Documentos/MicroySof/contador-final-e/Sintesis/contador_ip/contador_ip/contador_ip.runs/impl_1/system_wrapper.ltx} [get_hw_devices xc7z010_1]
current_hw_device [get_hw_devices xc7z010_1]
refresh_hw_device [lindex [get_hw_devices xc7z010_1] 0]
INFO: [Labtools 27-1435] Device xc7z010 (JTAG device index = 1) is not programmed (DONE status = 0).
disconnect_hw_server 190.55.44.201:3121
close_hw
open_hw
INFO: [Labtools 27-2285] Connecting to hw_server url TCP:190.55.44.201:3121
connect_hw_server -url 190.55.44.201:3121
INFO: [Labtools 27-2285] Connecting to hw_server url TCP:190.55.44.201:3121
current_hw_target [get_hw_targets */xilinx_tcf/Digilent/003017A4C81CA]
set_property PARAM.FREQUENCY 15000000 [get_hw_targets */xilinx_tcf/Digilent/003017A4C81CA]
open_hw_target
INFO: [Labtoolstcl 44-466] Opening hw_target 190.55.44.201:3121/xilinx_tcf/Digilent/003017A4C81CA
set_property PROGRAM.FILE {C:/Users/fede_/OneDrive/Documentos/MicroySof/contador-final-e/Sintesis/contador_ip/contador_ip/contador_ip.runs/impl_1/system_wrapper.bit} [get_hw_devices xc7z010_1]
set_property PROBES.FILE {C:/Users/fede_/OneDrive/Documentos/MicroySof/contador-final-e/Sintesis/contador_ip/contador_ip/contador_ip.runs/impl_1/system_wrapper.ltx} [get_hw_devices xc7z010_1]
set_property FULL_PROBES.FILE {C:/Users/fede_/OneDrive/Documentos/MicroySof/contador-final-e/Sintesis/contador_ip/contador_ip/contador_ip.runs/impl_1/system_wrapper.ltx} [get_hw_devices xc7z010_1]
current_hw_device [get_hw_devices xc7z010_1]
refresh_hw_device [lindex [get_hw_devices xc7z010_1] 0]
INFO: [Labtools 27-1435] Device xc7z010 (JTAG device index = 1) is not programmed (DONE status = 0).
set_property PROBES.FILE {C:/Users/fede_/OneDrive/Documentos/MicroySof/contador-final-e/Sintesis/contador_ip/contador_ip/contador_ip.runs/impl_1/system_wrapper.ltx} [get_hw_devices xc7z010_1]
set_property FULL_PROBES.FILE {C:/Users/fede_/OneDrive/Documentos/MicroySof/contador-final-e/Sintesis/contador_ip/contador_ip/contador_ip.runs/impl_1/system_wrapper.ltx} [get_hw_devices xc7z010_1]
set_property PROGRAM.FILE {C:/Users/fede_/OneDrive/Documentos/MicroySof/contador-final-e/Sintesis/contador_ip/contador_ip/contador_ip.runs/impl_1/system_wrapper.bit} [get_hw_devices xc7z010_1]
program_hw_devices [get_hw_devices xc7z010_1]
INFO: [Labtools 27-3164] End of startup status: HIGH
program_hw_devices: Time (s): cpu = 00:00:05 ; elapsed = 00:00:06 . Memory (MB): peak = 1699.918 ; gain = 92.469
refresh_hw_device [lindex [get_hw_devices xc7z010_1] 0]
INFO: [Labtools 27-2302] Device xc7z010 (JTAG device index = 1) is programmed with a design that has 1 VIO core(s).
disconnect_hw_server 190.55.44.201:3121
exit
INFO: [Common 17-206] Exiting Vivado at Tue Oct 11 15:18:44 2022...
